[2015-12-09 06:59:43] local.ERROR: exception 'Symfony\Component\Debug\Exception\FatalErrorException' with message 'Call to undefined method stdClass::delete()' in D:\wamp\www\ektimo\app\Http\Controllers\ScheduleController.php:66
Stack trace:
#0 D:\wamp\www\ektimo\vendor\compiled.php(1743): Symfony\Component\Debug\Exception\FatalErrorException->__construct()
#1 D:\wamp\www\ektimo\vendor\compiled.php(1738): Illuminate\Foundation\Bootstrap\HandleExceptions->fatalExceptionFromError()
#2 D:\wamp\www\ektimo\vendor\compiled.php(0): Illuminate\Foundation\Bootstrap\HandleExceptions->handleShutdown()
#3 D:\wamp\www\ektimo\vendor\compiled.php(8287): App\Http\Controllers\ScheduleController->save_schedule()
#4 D:\wamp\www\ektimo\vendor\compiled.php(8287): call_user_func_array:{D:\wamp\www\ektimo\vendor\compiled.php:8287}()
#5 D:\wamp\www\ektimo\vendor\compiled.php(8354): Illuminate\Routing\Controller->callAction()
#6 D:\wamp\www\ektimo\vendor\compiled.php(8333): Illuminate\Routing\ControllerDispatcher->call()
#7 D:\wamp\www\ektimo\vendor\compiled.php(8952): Illuminate\Routing\ControllerDispatcher->Illuminate\Routing\{closure}()
#8 D:\wamp\www\ektimo\vendor\compiled.php(8952): call_user_func:{D:\wamp\www\ektimo\vendor\compiled.php:8952}()
#9 D:\wamp\www\ektimo\vendor\compiled.php(8935): Illuminate\Pipeline\Pipeline->Illuminate\Pipeline\{closure}()
#10 D:\wamp\www\ektimo\vendor\compiled.php(8935): call_user_func:{D:\wamp\www\ektimo\vendor\compiled.php:8935}()
#11 D:\wamp\www\ektimo\vendor\compiled.php(8334): Illuminate\Pipeline\Pipeline->then()
#12 D:\wamp\www\ektimo\vendor\compiled.php(8320): Illuminate\Routing\ControllerDispatcher->callWithinStack()
#13 D:\wamp\www\ektimo\vendor\compiled.php(7317): Illuminate\Routing\ControllerDispatcher->dispatch()
#14 D:\wamp\www\ektimo\vendor\compiled.php(7288): Illuminate\Routing\Route->runWithCustomDispatcher()
#15 D:\wamp\www\ektimo\vendor\compiled.php(6954): Illuminate\Routing\Route->run()
#16 D:\wamp\www\ektimo\vendor\compiled.php(8952): Illuminate\Routing\Router->Illuminate\Routing\{closure}()
#17 D:\wamp\www\ektimo\vendor\compiled.php(8952): call_user_func:{D:\wamp\www\ektimo\vendor\compiled.php:8952}()
#18 D:\wamp\www\ektimo\vendor\compiled.php(8935): Illuminate\Pipeline\Pipeline->Illuminate\Pipeline\{closure}()
#19 D:\wamp\www\ektimo\vendor\compiled.php(8935): call_user_func:{D:\wamp\www\ektimo\vendor\compiled.php:8935}()
#20 D:\wamp\www\ektimo\vendor\compiled.php(6955): Illuminate\Pipeline\Pipeline->then()
#21 D:\wamp\www\ektimo\vendor\compiled.php(6944): Illuminate\Routing\Router->runRouteWithinStack()
#22 D:\wamp\www\ektimo\vendor\compiled.php(6929): Illuminate\Routing\Router->dispatchToRoute()
#23 D:\wamp\www\ektimo\vendor\compiled.php(1935): Illuminate\Routing\Router->dispatch()
#24 D:\wamp\www\ektimo\vendor\compiled.php(8952): Illuminate\Foundation\Http\Kernel->Illuminate\Foundation\Http\{closure}()
#25 D:\wamp\www\ektimo\vendor\compiled.php(8952): call_user_func:{D:\wamp\www\ektimo\vendor\compiled.php:8952}()
#26 D:\wamp\www\ektimo\vendor\compiled.php(2438): Illuminate\Pipeline\Pipeline->Illuminate\Pipeline\{closure}()
#27 D:\wamp\www\ektimo\app\Http\Middleware\VerifyCsrfToken.php(17): Illuminate\Foundation\Http\Middleware\VerifyCsrfToken->handle()
#28 D:\wamp\www\ektimo\vendor\compiled.php(8944): App\Http\Middleware\VerifyCsrfToken->handle()
#29 D:\wamp\www\ektimo\vendor\compiled.php(12083): Illuminate\Pipeline\Pipeline->Illuminate\Pipeline\{closure}()
#30 D:\wamp\www\ektimo\vendor\compiled.php(8944): Illuminate\View\Middleware\ShareErrorsFromSession->handle()
#31 D:\wamp\www\ektimo\vendor\compiled.php(10785): Illuminate\Pipeline\Pipeline->Illuminate\Pipeline\{closure}()
#32 D:\wamp\www\ektimo\vendor\compiled.php(8944): Illuminate\Session\Middleware\StartSession->handle()
#33 D:\wamp\www\ektimo\vendor\compiled.php(11789): Illuminate\Pipeline\Pipeline->Illuminate\Pipeline\{closure}()
#34 D:\wamp\www\ektimo\vendor\compiled.php(8944): Illuminate\Cookie\Middleware\AddQueuedCookiesToResponse->handle()
#35 D:\wamp\www\ektimo\vendor\compiled.php(11738): Illuminate\Pipeline\Pipeline->Illuminate\Pipeline\{closure}()
#36 D:\wamp\www\ektimo\vendor\compiled.php(8944): Illuminate\Cookie\Middleware\EncryptCookies->handle()
#37 D:\wamp\www\ektimo\vendor\compiled.php(2478): Illuminate\Pipeline\Pipeline->Illuminate\Pipeline\{closure}()
#38 D:\wamp\www\ektimo\vendor\compiled.php(8944): Illuminate\Foundation\Http\Middleware\CheckForMaintenanceMode->handle()
#39 D:\wamp\www\ektimo\vendor\compiled.php(8935): Illuminate\Pipeline\Pipeline->Illuminate\Pipeline\{closure}()
#40 D:\wamp\www\ektimo\vendor\compiled.php(8935): call_user_func:{D:\wamp\www\ektimo\vendor\compiled.php:8935}()
#41 D:\wamp\www\ektimo\vendor\compiled.php(1891): Illuminate\Pipeline\Pipeline->then()
#42 D:\wamp\www\ektimo\vendor\compiled.php(1880): Illuminate\Foundation\Http\Kernel->sendRequestThroughRouter()
#43 D:\wamp\www\ektimo\public\index.php(54): Illuminate\Foundation\Http\Kernel->handle()
#44 D:\wamp\www\ektimo\server.php(21): ()
#45 D:\wamp\www\ektimo\server.php(0): {main}()
#46 {main}  
[2015-12-09 07:35:52] local.ERROR: exception 'PDOException' with message 'SQLSTATE[42S22]: Column not found: 1054 Champ 'raman.reporting_schedule.start_date' inconnu dans field list' in D:\wamp\www\ektimo\vendor\laravel\framework\src\Illuminate\Database\Connection.php:292
Stack trace:
#0 D:\wamp\www\ektimo\vendor\laravel\framework\src\Illuminate\Database\Connection.php(292): PDO->prepare('select `work_sc...')
#1 D:\wamp\www\ektimo\vendor\laravel\framework\src\Illuminate\Database\Connection.php(616): Illuminate\Database\Connection->Illuminate\Database\{closure}(Object(Illuminate\Database\MySqlConnection), 'select `work_sc...', Array)
#2 D:\wamp\www\ektimo\vendor\laravel\framework\src\Illuminate\Database\Connection.php(580): Illuminate\Database\Connection->runQueryCallback('select `work_sc...', Array, Object(Closure))
#3 D:\wamp\www\ektimo\vendor\laravel\framework\src\Illuminate\Database\Connection.php(297): Illuminate\Database\Connection->run('select `work_sc...', Array, Object(Closure))
#4 D:\wamp\www\ektimo\vendor\laravel\framework\src\Illuminate\Database\Query\Builder.php(1377): Illuminate\Database\Connection->select('select `work_sc...', Array, true)
#5 D:\wamp\www\ektimo\vendor\laravel\framework\src\Illuminate\Database\Query\Builder.php(1367): Illuminate\Database\Query\Builder->runSelect()
#6 D:\wamp\www\ektimo\vendor\laravel\framework\src\Illuminate\Database\Query\Builder.php(1354): Illuminate\Database\Query\Builder->getFresh(Array)
#7 D:\wamp\www\ektimo\vendor\laravel\framework\src\Illuminate\Database\Query\Builder.php(1341): Illuminate\Database\Query\Builder->get(Array)
#8 D:\wamp\www\ektimo\app\Http\Controllers\HomeController.php(295): Illuminate\Database\Query\Builder->first()
#9 [internal function]: App\Http\Controllers\HomeController->order_reveiw('13')
#10 D:\wamp\www\ektimo\vendor\compiled.php(8287): call_user_func_array(Array, Array)
#11 D:\wamp\www\ektimo\vendor\compiled.php(8354): Illuminate\Routing\Controller->callAction('order_reveiw', Array)
#12 D:\wamp\www\ektimo\vendor\compiled.php(8333): Illuminate\Routing\ControllerDispatcher->call(Object(App\Http\Controllers\HomeController), Object(Illuminate\Routing\Route), 'order_reveiw')
#13 [internal function]: Illuminate\Routing\ControllerDispatcher->Illuminate\Routing\{closure}(Object(Illuminate\Http\Request))
#14 D:\wamp\www\ektimo\vendor\compiled.php(8952): call_user_func(Object(Closure), Object(Illuminate\Http\Request))
#15 D:\wamp\www\ektimo\app\Http\Middleware\Authenticate.php(47): Illuminate\Pipeline\Pipeline->Illuminate\Pipeline\{closure}(Object(Illuminate\Http\Request))
#16 D:\wamp\www\ektimo\vendor\compiled.php(8944): App\Http\Middleware\Authenticate->handle(Object(Illuminate\Http\Request), Object(Closure))
#17 [internal function]: Illuminate\Pipeline\Pipeline->Illuminate\Pipeline\{closure}(Object(Illuminate\Http\Request))
#18 D:\wamp\www\ektimo\vendor\compiled.php(8935): call_user_func(Object(Closure), Object(Illuminate\Http\Request))
#19 D:\wamp\www\ektimo\vendor\compiled.php(8334): Illuminate\Pipeline\Pipeline->then(Object(Closure))
#20 D:\wamp\www\ektimo\vendor\compiled.php(8320): Illuminate\Routing\ControllerDispatcher->callWithinStack(Object(App\Http\Controllers\HomeController), Object(Illuminate\Routing\Route), Object(Illuminate\Http\Request), 'order_reveiw')
#21 D:\wamp\www\ektimo\vendor\compiled.php(7317): Illuminate\Routing\ControllerDispatcher->dispatch(Object(Illuminate\Routing\Route), Object(Illuminate\Http\Request), 'App\\Http\\Contro...', 'order_reveiw')
#22 D:\wamp\www\ektimo\vendor\compiled.php(7288): Illuminate\Routing\Route->runWithCustomDispatcher(Object(Illuminate\Http\Request))
#23 D:\wamp\www\ektimo\vendor\compiled.php(6954): Illuminate\Routing\Route->run(Object(Illuminate\Http\Request))
#24 [internal function]: Illuminate\Routing\Router->Illuminate\Routing\{closure}(Object(Illuminate\Http\Request))
#25 D:\wamp\www\ektimo\vendor\compiled.php(8952): call_user_func(Object(Closure), Object(Illuminate\Http\Request))
#26 [internal function]: Illuminate\Pipeline\Pipeline->Illuminate\Pipeline\{closure}(Object(Illuminate\Http\Request))
#27 D:\wamp\www\ektimo\vendor\compiled.php(8935): call_user_func(Object(Closure), Object(Illuminate\Http\Request))
#28 D:\wamp\www\ektimo\vendor\compiled.php(6955): Illuminate\Pipeline\Pipeline->then(Object(Closure))
#29 D:\wamp\www\ektimo\vendor\compiled.php(6944): Illuminate\Routing\Router->runRouteWithinStack(Object(Illuminate\Routing\Route), Object(Illuminate\Http\Request))
#30 D:\wamp\www\ektimo\vendor\compiled.php(6929): Illuminate\Routing\Router->dispatchToRoute(Object(Illuminate\Http\Request))
#31 D:\wamp\www\ektimo\vendor\compiled.php(1935): Illuminate\Routing\Router->dispatch(Object(Illuminate\Http\Request))
#32 [internal function]: Illuminate\Foundation\Http\Kernel->Illuminate\Foundation\Http\{closure}(Object(Illuminate\Http\Request))
#33 D:\wamp\www\ektimo\vendor\compiled.php(8952): call_user_func(Object(Closure), Object(Illuminate\Http\Request))
#34 D:\wamp\www\ektimo\vendor\compiled.php(2438): Illuminate\Pipeline\Pipeline->Illuminate\Pipeline\{closure}(Object(Illuminate\Http\Request))
#35 D:\wamp\www\ektimo\app\Http\Middleware\VerifyCsrfToken.php(17): Illuminate\Foundation\Http\Middleware\VerifyCsrfToken->handle(Object(Illuminate\Http\Request), Object(Closure))
#36 D:\wamp\www\ektimo\vendor\compiled.php(8944): App\Http\Middleware\VerifyCsrfToken->handle(Object(Illuminate\Http\Request), Object(Closure))
#37 D:\wamp\www\ektimo\vendor\compiled.php(12083): Illuminate\Pipeline\Pipeline->Illuminate\Pipeline\{closure}(Object(Illuminate\Http\Request))
#38 D:\wamp\www\ektimo\vendor\compiled.php(8944): Illuminate\View\Middleware\ShareErrorsFromSession->handle(Object(Illuminate\Http\Request), Object(Closure))
#39 D:\wamp\www\ektimo\vendor\compiled.php(10785): Illuminate\Pipeline\Pipeline->Illuminate\Pipeline\{closure}(Object(Illuminate\Http\Request))
#40 D:\wamp\www\ektimo\vendor\compiled.php(8944): Illuminate\Session\Middleware\StartSession->handle(Object(Illuminate\Http\Request), Object(Closure))
#41 D:\wamp\www\ektimo\vendor\compiled.php(11789): Illuminate\Pipeline\Pipeline->Illuminate\Pipeline\{closure}(Object(Illuminate\Http\Request))
#42 D:\wamp\www\ektimo\vendor\compiled.php(8944): Illuminate\Cookie\Middleware\AddQueuedCookiesToResponse->handle(Object(Illuminate\Http\Request), Object(Closure))
#43 D:\wamp\www\ektimo\vendor\compiled.php(11738): Illuminate\Pipeline\Pipeline->Illuminate\Pipeline\{closure}(Object(Illuminate\Http\Request))
#44 D:\wamp\www\ektimo\vendor\compiled.php(8944): Illuminate\Cookie\Middleware\EncryptCookies->handle(Object(Illuminate\Http\Request), Object(Closure))
#45 D:\wamp\www\ektimo\vendor\compiled.php(2478): Illuminate\Pipeline\Pipeline->Illuminate\Pipeline\{closure}(Object(Illuminate\Http\Request))
#46 D:\wamp\www\ektimo\vendor\compiled.php(8944): Illuminate\Foundation\Http\Middleware\CheckForMaintenanceMode->handle(Object(Illuminate\Http\Request), Object(Closure))
#47 [internal function]: Illuminate\Pipeline\Pipeline->Illuminate\Pipeline\{closure}(Object(Illuminate\Http\Request))
#48 D:\wamp\www\ektimo\vendor\compiled.php(8935): call_user_func(Object(Closure), Object(Illuminate\Http\Request))
#49 D:\wamp\www\ektimo\vendor\compiled.php(1891): Illuminate\Pipeline\Pipeline->then(Object(Closure))
#50 D:\wamp\www\ektimo\vendor\compiled.php(1880): Illuminate\Foundation\Http\Kernel->sendRequestThroughRouter(Object(Illuminate\Http\Request))
#51 D:\wamp\www\ektimo\public\index.php(54): Illuminate\Foundation\Http\Kernel->handle(Object(Illuminate\Http\Request))
#52 D:\wamp\www\ektimo\server.php(21): require_once('D:\\wamp\\www\\ekt...')
#53 {main}

Next exception 'Illuminate\Database\QueryException' with message 'SQLSTATE[42S22]: Column not found: 1054 Champ 'raman.reporting_schedule.start_date' inconnu dans field list (SQL: select `work_schedule`.`calendars`.`name`, `raman`.`reporting_schedule`.`start_date` as `rstart`, `raman`.`laboratory_schedule`.`start_date` as `lstart` from `work_schedule`.`events` inner join `work_schedule`.`calendars` on `work_schedule`.`events`.`calendar_id` = `work_schedule`.`calendars`.`calendar_id` where `work_schedule`.`events`.`order_id` = 13 limit 1)' in D:\wamp\www\ektimo\vendor\laravel\framework\src\Illuminate\Database\Connection.php:624
Stack trace:
#0 D:\wamp\www\ektimo\vendor\laravel\framework\src\Illuminate\Database\Connection.php(580): Illuminate\Database\Connection->runQueryCallback('select `work_sc...', Array, Object(Closure))
#1 D:\wamp\www\ektimo\vendor\laravel\framework\src\Illuminate\Database\Connection.php(297): Illuminate\Database\Connection->run('select `work_sc...', Array, Object(Closure))
#2 D:\wamp\www\ektimo\vendor\laravel\framework\src\Illuminate\Database\Query\Builder.php(1377): Illuminate\Database\Connection->select('select `work_sc...', Array, true)
#3 D:\wamp\www\ektimo\vendor\laravel\framework\src\Illuminate\Database\Query\Builder.php(1367): Illuminate\Database\Query\Builder->runSelect()
#4 D:\wamp\www\ektimo\vendor\laravel\framework\src\Illuminate\Database\Query\Builder.php(1354): Illuminate\Database\Query\Builder->getFresh(Array)
#5 D:\wamp\www\ektimo\vendor\laravel\framework\src\Illuminate\Database\Query\Builder.php(1341): Illuminate\Database\Query\Builder->get(Array)
#6 D:\wamp\www\ektimo\app\Http\Controllers\HomeController.php(295): Illuminate\Database\Query\Builder->first()
#7 [internal function]: App\Http\Controllers\HomeController->order_reveiw('13')
#8 D:\wamp\www\ektimo\vendor\compiled.php(8287): call_user_func_array(Array, Array)
#9 D:\wamp\www\ektimo\vendor\compiled.php(8354): Illuminate\Routing\Controller->callAction('order_reveiw', Array)
#10 D:\wamp\www\ektimo\vendor\compiled.php(8333): Illuminate\Routing\ControllerDispatcher->call(Object(App\Http\Controllers\HomeController), Object(Illuminate\Routing\Route), 'order_reveiw')
#11 [internal function]: Illuminate\Routing\ControllerDispatcher->Illuminate\Routing\{closure}(Object(Illuminate\Http\Request))
#12 D:\wamp\www\ektimo\vendor\compiled.php(8952): call_user_func(Object(Closure), Object(Illuminate\Http\Request))
#13 D:\wamp\www\ektimo\app\Http\Middleware\Authenticate.php(47): Illuminate\Pipeline\Pipeline->Illuminate\Pipeline\{closure}(Object(Illuminate\Http\Request))
#14 D:\wamp\www\ektimo\vendor\compiled.php(8944): App\Http\Middleware\Authenticate->handle(Object(Illuminate\Http\Request), Object(Closure))
#15 [internal function]: Illuminate\Pipeline\Pipeline->Illuminate\Pipeline\{closure}(Object(Illuminate\Http\Request))
#16 D:\wamp\www\ektimo\vendor\compiled.php(8935): call_user_func(Object(Closure), Object(Illuminate\Http\Request))
#17 D:\wamp\www\ektimo\vendor\compiled.php(8334): Illuminate\Pipeline\Pipeline->then(Object(Closure))
#18 D:\wamp\www\ektimo\vendor\compiled.php(8320): Illuminate\Routing\ControllerDispatcher->callWithinStack(Object(App\Http\Controllers\HomeController), Object(Illuminate\Routing\Route), Object(Illuminate\Http\Request), 'order_reveiw')
#19 D:\wamp\www\ektimo\vendor\compiled.php(7317): Illuminate\Routing\ControllerDispatcher->dispatch(Object(Illuminate\Routing\Route), Object(Illuminate\Http\Request), 'App\\Http\\Contro...', 'order_reveiw')
#20 D:\wamp\www\ektimo\vendor\compiled.php(7288): Illuminate\Routing\Route->runWithCustomDispatcher(Object(Illuminate\Http\Request))
#21 D:\wamp\www\ektimo\vendor\compiled.php(6954): Illuminate\Routing\Route->run(Object(Illuminate\Http\Request))
#22 [internal function]: Illuminate\Routing\Router->Illuminate\Routing\{closure}(Object(Illuminate\Http\Request))
#23 D:\wamp\www\ektimo\vendor\compiled.php(8952): call_user_func(Object(Closure), Object(Illuminate\Http\Request))
#24 [internal function]: Illuminate\Pipeline\Pipeline->Illuminate\Pipeline\{closure}(Object(Illuminate\Http\Request))
#25 D:\wamp\www\ektimo\vendor\compiled.php(8935): call_user_func(Object(Closure), Object(Illuminate\Http\Request))
#26 D:\wamp\www\ektimo\vendor\compiled.php(6955): Illuminate\Pipeline\Pipeline->then(Object(Closure))
#27 D:\wamp\www\ektimo\vendor\compiled.php(6944): Illuminate\Routing\Router->runRouteWithinStack(Object(Illuminate\Routing\Route), Object(Illuminate\Http\Request))
#28 D:\wamp\www\ektimo\vendor\compiled.php(6929): Illuminate\Routing\Router->dispatchToRoute(Object(Illuminate\Http\Request))
#29 D:\wamp\www\ektimo\vendor\compiled.php(1935): Illuminate\Routing\Router->dispatch(Object(Illuminate\Http\Request))
#30 [internal function]: Illuminate\Foundation\Http\Kernel->Illuminate\Foundation\Http\{closure}(Object(Illuminate\Http\Request))
#31 D:\wamp\www\ektimo\vendor\compiled.php(8952): call_user_func(Object(Closure), Object(Illuminate\Http\Request))
#32 D:\wamp\www\ektimo\vendor\compiled.php(2438): Illuminate\Pipeline\Pipeline->Illuminate\Pipeline\{closure}(Object(Illuminate\Http\Request))
#33 D:\wamp\www\ektimo\app\Http\Middleware\VerifyCsrfToken.php(17): Illuminate\Foundation\Http\Middleware\VerifyCsrfToken->handle(Object(Illuminate\Http\Request), Object(Closure))
#34 D:\wamp\www\ektimo\vendor\compiled.php(8944): App\Http\Middleware\VerifyCsrfToken->handle(Object(Illuminate\Http\Request), Object(Closure))
#35 D:\wamp\www\ektimo\vendor\compiled.php(12083): Illuminate\Pipeline\Pipeline->Illuminate\Pipeline\{closure}(Object(Illuminate\Http\Request))
#36 D:\wamp\www\ektimo\vendor\compiled.php(8944): Illuminate\View\Middleware\ShareErrorsFromSession->handle(Object(Illuminate\Http\Request), Object(Closure))
#37 D:\wamp\www\ektimo\vendor\compiled.php(10785): Illuminate\Pipeline\Pipeline->Illuminate\Pipeline\{closure}(Object(Illuminate\Http\Request))
#38 D:\wamp\www\ektimo\vendor\compiled.php(8944): Illuminate\Session\Middleware\StartSession->handle(Object(Illuminate\Http\Request), Object(Closure))
#39 D:\wamp\www\ektimo\vendor\compiled.php(11789): Illuminate\Pipeline\Pipeline->Illuminate\Pipeline\{closure}(Object(Illuminate\Http\Request))
#40 D:\wamp\www\ektimo\vendor\compiled.php(8944): Illuminate\Cookie\Middleware\AddQueuedCookiesToResponse->handle(Object(Illuminate\Http\Request), Object(Closure))
#41 D:\wamp\www\ektimo\vendor\compiled.php(11738): Illuminate\Pipeline\Pipeline->Illuminate\Pipeline\{closure}(Object(Illuminate\Http\Request))
#42 D:\wamp\www\ektimo\vendor\compiled.php(8944): Illuminate\Cookie\Middleware\EncryptCookies->handle(Object(Illuminate\Http\Request), Object(Closure))
#43 D:\wamp\www\ektimo\vendor\compiled.php(2478): Illuminate\Pipeline\Pipeline->Illuminate\Pipeline\{closure}(Object(Illuminate\Http\Request))
#44 D:\wamp\www\ektimo\vendor\compiled.php(8944): Illuminate\Foundation\Http\Middleware\CheckForMaintenanceMode->handle(Object(Illuminate\Http\Request), Object(Closure))
#45 [internal function]: Illuminate\Pipeline\Pipeline->Illuminate\Pipeline\{closure}(Object(Illuminate\Http\Request))
#46 D:\wamp\www\ektimo\vendor\compiled.php(8935): call_user_func(Object(Closure), Object(Illuminate\Http\Request))
#47 D:\wamp\www\ektimo\vendor\compiled.php(1891): Illuminate\Pipeline\Pipeline->then(Object(Closure))
#48 D:\wamp\www\ektimo\vendor\compiled.php(1880): Illuminate\Foundation\Http\Kernel->sendRequestThroughRouter(Object(Illuminate\Http\Request))
#49 D:\wamp\www\ektimo\public\index.php(54): Illuminate\Foundation\Http\Kernel->handle(Object(Illuminate\Http\Request))
#50 D:\wamp\www\ektimo\server.php(21): require_once('D:\\wamp\\www\\ekt...')
#51 {main}  
[2015-12-09 07:36:58] local.ERROR: exception 'ErrorException' with message 'Trying to get property of non-object' in D:\wamp\www\ektimo\storage\framework\views\c8ab6976c85da7b7a3fe64e530be30d4:75
Stack trace:
#0 D:\wamp\www\ektimo\storage\framework\views\c8ab6976c85da7b7a3fe64e530be30d4(75): Illuminate\Foundation\Bootstrap\HandleExceptions->handleError(8, 'Trying to get p...', 'D:\\wamp\\www\\ekt...', 75, Array)
#1 D:\wamp\www\ektimo\vendor\compiled.php(13649): include('D:\\wamp\\www\\ekt...')
#2 D:\wamp\www\ektimo\vendor\compiled.php(13682): Illuminate\View\Engines\PhpEngine->evaluatePath('D:\\wamp\\www\\ekt...', Array)
#3 D:\wamp\www\ektimo\vendor\compiled.php(13522): Illuminate\View\Engines\CompilerEngine->get('D:\\wamp\\www\\ekt...', Array)
#4 D:\wamp\www\ektimo\vendor\compiled.php(13509): Illuminate\View\View->getContents()
#5 D:\wamp\www\ektimo\vendor\compiled.php(13500): Illuminate\View\View->renderContents()
#6 D:\wamp\www\ektimo\vendor\compiled.php(14596): Illuminate\View\View->render()
#7 D:\wamp\www\ektimo\vendor\compiled.php(14125): Illuminate\Http\Response->setContent(Object(Illuminate\View\View))
#8 D:\wamp\www\ektimo\vendor\compiled.php(7154): Symfony\Component\HttpFoundation\Response->__construct(Object(Illuminate\View\View))
#9 D:\wamp\www\ektimo\vendor\compiled.php(6954): Illuminate\Routing\Router->prepareResponse(Object(Illuminate\Http\Request), Object(Illuminate\View\View))
#10 [internal function]: Illuminate\Routing\Router->Illuminate\Routing\{closure}(Object(Illuminate\Http\Request))
#11 D:\wamp\www\ektimo\vendor\compiled.php(8952): call_user_func(Object(Closure), Object(Illuminate\Http\Request))
#12 [internal function]: Illuminate\Pipeline\Pipeline->Illuminate\Pipeline\{closure}(Object(Illuminate\Http\Request))
#13 D:\wamp\www\ektimo\vendor\compiled.php(8935): call_user_func(Object(Closure), Object(Illuminate\Http\Request))
#14 D:\wamp\www\ektimo\vendor\compiled.php(6955): Illuminate\Pipeline\Pipeline->then(Object(Closure))
#15 D:\wamp\www\ektimo\vendor\compiled.php(6944): Illuminate\Routing\Router->runRouteWithinStack(Object(Illuminate\Routing\Route), Object(Illuminate\Http\Request))
#16 D:\wamp\www\ektimo\vendor\compiled.php(6929): Illuminate\Routing\Router->dispatchToRoute(Object(Illuminate\Http\Request))
#17 D:\wamp\www\ektimo\vendor\compiled.php(1935): Illuminate\Routing\Router->dispatch(Object(Illuminate\Http\Request))
#18 [internal function]: Illuminate\Foundation\Http\Kernel->Illuminate\Foundation\Http\{closure}(Object(Illuminate\Http\Request))
#19 D:\wamp\www\ektimo\vendor\compiled.php(8952): call_user_func(Object(Closure), Object(Illuminate\Http\Request))
#20 D:\wamp\www\ektimo\vendor\compiled.php(2438): Illuminate\Pipeline\Pipeline->Illuminate\Pipeline\{closure}(Object(Illuminate\Http\Request))
#21 D:\wamp\www\ektimo\app\Http\Middleware\VerifyCsrfToken.php(17): Illuminate\Foundation\Http\Middleware\VerifyCsrfToken->handle(Object(Illuminate\Http\Request), Object(Closure))
#22 D:\wamp\www\ektimo\vendor\compiled.php(8944): App\Http\Middleware\VerifyCsrfToken->handle(Object(Illuminate\Http\Request), Object(Closure))
#23 D:\wamp\www\ektimo\vendor\compiled.php(12083): Illuminate\Pipeline\Pipeline->Illuminate\Pipeline\{closure}(Object(Illuminate\Http\Request))
#24 D:\wamp\www\ektimo\vendor\compiled.php(8944): Illuminate\View\Middleware\ShareErrorsFromSession->handle(Object(Illuminate\Http\Request), Object(Closure))
#25 D:\wamp\www\ektimo\vendor\compiled.php(10785): Illuminate\Pipeline\Pipeline->Illuminate\Pipeline\{closure}(Object(Illuminate\Http\Request))
#26 D:\wamp\www\ektimo\vendor\compiled.php(8944): Illuminate\Session\Middleware\StartSession->handle(Object(Illuminate\Http\Request), Object(Closure))
#27 D:\wamp\www\ektimo\vendor\compiled.php(11789): Illuminate\Pipeline\Pipeline->Illuminate\Pipeline\{closure}(Object(Illuminate\Http\Request))
#28 D:\wamp\www\ektimo\vendor\compiled.php(8944): Illuminate\Cookie\Middleware\AddQueuedCookiesToResponse->handle(Object(Illuminate\Http\Request), Object(Closure))
#29 D:\wamp\www\ektimo\vendor\compiled.php(11738): Illuminate\Pipeline\Pipeline->Illuminate\Pipeline\{closure}(Object(Illuminate\Http\Request))
#30 D:\wamp\www\ektimo\vendor\compiled.php(8944): Illuminate\Cookie\Middleware\EncryptCookies->handle(Object(Illuminate\Http\Request), Object(Closure))
#31 D:\wamp\www\ektimo\vendor\compiled.php(2478): Illuminate\Pipeline\Pipeline->Illuminate\Pipeline\{closure}(Object(Illuminate\Http\Request))
#32 D:\wamp\www\ektimo\vendor\compiled.php(8944): Illuminate\Foundation\Http\Middleware\CheckForMaintenanceMode->handle(Object(Illuminate\Http\Request), Object(Closure))
#33 [internal function]: Illuminate\Pipeline\Pipeline->Illuminate\Pipeline\{closure}(Object(Illuminate\Http\Request))
#34 D:\wamp\www\ektimo\vendor\compiled.php(8935): call_user_func(Object(Closure), Object(Illuminate\Http\Request))
#35 D:\wamp\www\ektimo\vendor\compiled.php(1891): Illuminate\Pipeline\Pipeline->then(Object(Closure))
#36 D:\wamp\www\ektimo\vendor\compiled.php(1880): Illuminate\Foundation\Http\Kernel->sendRequestThroughRouter(Object(Illuminate\Http\Request))
#37 D:\wamp\www\ektimo\public\index.php(54): Illuminate\Foundation\Http\Kernel->handle(Object(Illuminate\Http\Request))
#38 D:\wamp\www\ektimo\server.php(21): require_once('D:\\wamp\\www\\ekt...')
#39 {main}

Next exception 'ErrorException' with message 'Trying to get property of non-object (View: D:\wamp\www\ektimo\resources\views\order_review.blade.php)' in D:\wamp\www\ektimo\storage\framework\views\c8ab6976c85da7b7a3fe64e530be30d4:75
Stack trace:
#0 D:\wamp\www\ektimo\vendor\compiled.php(13651): Illuminate\View\Engines\CompilerEngine->handleViewException(Object(ErrorException), 1)
#1 D:\wamp\www\ektimo\vendor\compiled.php(13682): Illuminate\View\Engines\PhpEngine->evaluatePath('D:\\wamp\\www\\ekt...', Array)
#2 D:\wamp\www\ektimo\vendor\compiled.php(13522): Illuminate\View\Engines\CompilerEngine->get('D:\\wamp\\www\\ekt...', Array)
#3 D:\wamp\www\ektimo\vendor\compiled.php(13509): Illuminate\View\View->getContents()
#4 D:\wamp\www\ektimo\vendor\compiled.php(13500): Illuminate\View\View->renderContents()
#5 D:\wamp\www\ektimo\vendor\compiled.php(14596): Illuminate\View\View->render()
#6 D:\wamp\www\ektimo\vendor\compiled.php(14125): Illuminate\Http\Response->setContent(Object(Illuminate\View\View))
#7 D:\wamp\www\ektimo\vendor\compiled.php(7154): Symfony\Component\HttpFoundation\Response->__construct(Object(Illuminate\View\View))
#8 D:\wamp\www\ektimo\vendor\compiled.php(6954): Illuminate\Routing\Router->prepareResponse(Object(Illuminate\Http\Request), Object(Illuminate\View\View))
#9 [internal function]: Illuminate\Routing\Router->Illuminate\Routing\{closure}(Object(Illuminate\Http\Request))
#10 D:\wamp\www\ektimo\vendor\compiled.php(8952): call_user_func(Object(Closure), Object(Illuminate\Http\Request))
#11 [internal function]: Illuminate\Pipeline\Pipeline->Illuminate\Pipeline\{closure}(Object(Illuminate\Http\Request))
#12 D:\wamp\www\ektimo\vendor\compiled.php(8935): call_user_func(Object(Closure), Object(Illuminate\Http\Request))
#13 D:\wamp\www\ektimo\vendor\compiled.php(6955): Illuminate\Pipeline\Pipeline->then(Object(Closure))
#14 D:\wamp\www\ektimo\vendor\compiled.php(6944): Illuminate\Routing\Router->runRouteWithinStack(Object(Illuminate\Routing\Route), Object(Illuminate\Http\Request))
#15 D:\wamp\www\ektimo\vendor\compiled.php(6929): Illuminate\Routing\Router->dispatchToRoute(Object(Illuminate\Http\Request))
#16 D:\wamp\www\ektimo\vendor\compiled.php(1935): Illuminate\Routing\Router->dispatch(Object(Illuminate\Http\Request))
#17 [internal function]: Illuminate\Foundation\Http\Kernel->Illuminate\Foundation\Http\{closure}(Object(Illuminate\Http\Request))
#18 D:\wamp\www\ektimo\vendor\compiled.php(8952): call_user_func(Object(Closure), Object(Illuminate\Http\Request))
#19 D:\wamp\www\ektimo\vendor\compiled.php(2438): Illuminate\Pipeline\Pipeline->Illuminate\Pipeline\{closure}(Object(Illuminate\Http\Request))
#20 D:\wamp\www\ektimo\app\Http\Middleware\VerifyCsrfToken.php(17): Illuminate\Foundation\Http\Middleware\VerifyCsrfToken->handle(Object(Illuminate\Http\Request), Object(Closure))
#21 D:\wamp\www\ektimo\vendor\compiled.php(8944): App\Http\Middleware\VerifyCsrfToken->handle(Object(Illuminate\Http\Request), Object(Closure))
#22 D:\wamp\www\ektimo\vendor\compiled.php(12083): Illuminate\Pipeline\Pipeline->Illuminate\Pipeline\{closure}(Object(Illuminate\Http\Request))
#23 D:\wamp\www\ektimo\vendor\compiled.php(8944): Illuminate\View\Middleware\ShareErrorsFromSession->handle(Object(Illuminate\Http\Request), Object(Closure))
#24 D:\wamp\www\ektimo\vendor\compiled.php(10785): Illuminate\Pipeline\Pipeline->Illuminate\Pipeline\{closure}(Object(Illuminate\Http\Request))
#25 D:\wamp\www\ektimo\vendor\compiled.php(8944): Illuminate\Session\Middleware\StartSession->handle(Object(Illuminate\Http\Request), Object(Closure))
#26 D:\wamp\www\ektimo\vendor\compiled.php(11789): Illuminate\Pipeline\Pipeline->Illuminate\Pipeline\{closure}(Object(Illuminate\Http\Request))
#27 D:\wamp\www\ektimo\vendor\compiled.php(8944): Illuminate\Cookie\Middleware\AddQueuedCookiesToResponse->handle(Object(Illuminate\Http\Request), Object(Closure))
#28 D:\wamp\www\ektimo\vendor\compiled.php(11738): Illuminate\Pipeline\Pipeline->Illuminate\Pipeline\{closure}(Object(Illuminate\Http\Request))
#29 D:\wamp\www\ektimo\vendor\compiled.php(8944): Illuminate\Cookie\Middleware\EncryptCookies->handle(Object(Illuminate\Http\Request), Object(Closure))
#30 D:\wamp\www\ektimo\vendor\compiled.php(2478): Illuminate\Pipeline\Pipeline->Illuminate\Pipeline\{closure}(Object(Illuminate\Http\Request))
#31 D:\wamp\www\ektimo\vendor\compiled.php(8944): Illuminate\Foundation\Http\Middleware\CheckForMaintenanceMode->handle(Object(Illuminate\Http\Request), Object(Closure))
#32 [internal function]: Illuminate\Pipeline\Pipeline->Illuminate\Pipeline\{closure}(Object(Illuminate\Http\Request))
#33 D:\wamp\www\ektimo\vendor\compiled.php(8935): call_user_func(Object(Closure), Object(Illuminate\Http\Request))
#34 D:\wamp\www\ektimo\vendor\compiled.php(1891): Illuminate\Pipeline\Pipeline->then(Object(Closure))
#35 D:\wamp\www\ektimo\vendor\compiled.php(1880): Illuminate\Foundation\Http\Kernel->sendRequestThroughRouter(Object(Illuminate\Http\Request))
#36 D:\wamp\www\ektimo\public\index.php(54): Illuminate\Foundation\Http\Kernel->handle(Object(Illuminate\Http\Request))
#37 D:\wamp\www\ektimo\server.php(21): require_once('D:\\wamp\\www\\ekt...')
#38 {main}  
[2015-12-09 08:07:21] local.ERROR: exception 'ErrorException' with message 'Undefined variable: tech' in D:\wamp\www\ektimo\app\Http\Controllers\HomeController.php:76
Stack trace:
#0 D:\wamp\www\ektimo\app\Http\Controllers\HomeController.php(76): Illuminate\Foundation\Bootstrap\HandleExceptions->handleError(8, 'Undefined varia...', 'D:\\wamp\\www\\ekt...', 76, Array)
#1 [internal function]: App\Http\Controllers\HomeController->index()
#2 D:\wamp\www\ektimo\vendor\compiled.php(8287): call_user_func_array(Array, Array)
#3 D:\wamp\www\ektimo\vendor\compiled.php(8354): Illuminate\Routing\Controller->callAction('index', Array)
#4 D:\wamp\www\ektimo\vendor\compiled.php(8333): Illuminate\Routing\ControllerDispatcher->call(Object(App\Http\Controllers\HomeController), Object(Illuminate\Routing\Route), 'index')
#5 [internal function]: Illuminate\Routing\ControllerDispatcher->Illuminate\Routing\{closure}(Object(Illuminate\Http\Request))
#6 D:\wamp\www\ektimo\vendor\compiled.php(8952): call_user_func(Object(Closure), Object(Illuminate\Http\Request))
#7 D:\wamp\www\ektimo\app\Http\Middleware\Authenticate.php(47): Illuminate\Pipeline\Pipeline->Illuminate\Pipeline\{closure}(Object(Illuminate\Http\Request))
#8 D:\wamp\www\ektimo\vendor\compiled.php(8944): App\Http\Middleware\Authenticate->handle(Object(Illuminate\Http\Request), Object(Closure))
#9 [internal function]: Illuminate\Pipeline\Pipeline->Illuminate\Pipeline\{closure}(Object(Illuminate\Http\Request))
#10 D:\wamp\www\ektimo\vendor\compiled.php(8935): call_user_func(Object(Closure), Object(Illuminate\Http\Request))
#11 D:\wamp\www\ektimo\vendor\compiled.php(8334): Illuminate\Pipeline\Pipeline->then(Object(Closure))
#12 D:\wamp\www\ektimo\vendor\compiled.php(8320): Illuminate\Routing\ControllerDispatcher->callWithinStack(Object(App\Http\Controllers\HomeController), Object(Illuminate\Routing\Route), Object(Illuminate\Http\Request), 'index')
#13 D:\wamp\www\ektimo\vendor\compiled.php(7317): Illuminate\Routing\ControllerDispatcher->dispatch(Object(Illuminate\Routing\Route), Object(Illuminate\Http\Request), 'App\\Http\\Contro...', 'index')
#14 D:\wamp\www\ektimo\vendor\compiled.php(7288): Illuminate\Routing\Route->runWithCustomDispatcher(Object(Illuminate\Http\Request))
#15 D:\wamp\www\ektimo\vendor\compiled.php(6954): Illuminate\Routing\Route->run(Object(Illuminate\Http\Request))
#16 [internal function]: Illuminate\Routing\Router->Illuminate\Routing\{closure}(Object(Illuminate\Http\Request))
#17 D:\wamp\www\ektimo\vendor\compiled.php(8952): call_user_func(Object(Closure), Object(Illuminate\Http\Request))
#18 [internal function]: Illuminate\Pipeline\Pipeline->Illuminate\Pipeline\{closure}(Object(Illuminate\Http\Request))
#19 D:\wamp\www\ektimo\vendor\compiled.php(8935): call_user_func(Object(Closure), Object(Illuminate\Http\Request))
#20 D:\wamp\www\ektimo\vendor\compiled.php(6955): Illuminate\Pipeline\Pipeline->then(Object(Closure))
#21 D:\wamp\www\ektimo\vendor\compiled.php(6944): Illuminate\Routing\Router->runRouteWithinStack(Object(Illuminate\Routing\Route), Object(Illuminate\Http\Request))
#22 D:\wamp\www\ektimo\vendor\compiled.php(6929): Illuminate\Routing\Router->dispatchToRoute(Object(Illuminate\Http\Request))
#23 D:\wamp\www\ektimo\vendor\compiled.php(1935): Illuminate\Routing\Router->dispatch(Object(Illuminate\Http\Request))
#24 [internal function]: Illuminate\Foundation\Http\Kernel->Illuminate\Foundation\Http\{closure}(Object(Illuminate\Http\Request))
#25 D:\wamp\www\ektimo\vendor\compiled.php(8952): call_user_func(Object(Closure), Object(Illuminate\Http\Request))
#26 D:\wamp\www\ektimo\vendor\compiled.php(2438): Illuminate\Pipeline\Pipeline->Illuminate\Pipeline\{closure}(Object(Illuminate\Http\Request))
#27 D:\wamp\www\ektimo\app\Http\Middleware\VerifyCsrfToken.php(17): Illuminate\Foundation\Http\Middleware\VerifyCsrfToken->handle(Object(Illuminate\Http\Request), Object(Closure))
#28 D:\wamp\www\ektimo\vendor\compiled.php(8944): App\Http\Middleware\VerifyCsrfToken->handle(Object(Illuminate\Http\Request), Object(Closure))
#29 D:\wamp\www\ektimo\vendor\compiled.php(12083): Illuminate\Pipeline\Pipeline->Illuminate\Pipeline\{closure}(Object(Illuminate\Http\Request))
#30 D:\wamp\www\ektimo\vendor\compiled.php(8944): Illuminate\View\Middleware\ShareErrorsFromSession->handle(Object(Illuminate\Http\Request), Object(Closure))
#31 D:\wamp\www\ektimo\vendor\compiled.php(10785): Illuminate\Pipeline\Pipeline->Illuminate\Pipeline\{closure}(Object(Illuminate\Http\Request))
#32 D:\wamp\www\ektimo\vendor\compiled.php(8944): Illuminate\Session\Middleware\StartSession->handle(Object(Illuminate\Http\Request), Object(Closure))
#33 D:\wamp\www\ektimo\vendor\compiled.php(11789): Illuminate\Pipeline\Pipeline->Illuminate\Pipeline\{closure}(Object(Illuminate\Http\Request))
#34 D:\wamp\www\ektimo\vendor\compiled.php(8944): Illuminate\Cookie\Middleware\AddQueuedCookiesToResponse->handle(Object(Illuminate\Http\Request), Object(Closure))
#35 D:\wamp\www\ektimo\vendor\compiled.php(11738): Illuminate\Pipeline\Pipeline->Illuminate\Pipeline\{closure}(Object(Illuminate\Http\Request))
#36 D:\wamp\www\ektimo\vendor\compiled.php(8944): Illuminate\Cookie\Middleware\EncryptCookies->handle(Object(Illuminate\Http\Request), Object(Closure))
#37 D:\wamp\www\ektimo\vendor\compiled.php(2478): Illuminate\Pipeline\Pipeline->Illuminate\Pipeline\{closure}(Object(Illuminate\Http\Request))
#38 D:\wamp\www\ektimo\vendor\compiled.php(8944): Illuminate\Foundation\Http\Middleware\CheckForMaintenanceMode->handle(Object(Illuminate\Http\Request), Object(Closure))
#39 [internal function]: Illuminate\Pipeline\Pipeline->Illuminate\Pipeline\{closure}(Object(Illuminate\Http\Request))
#40 D:\wamp\www\ektimo\vendor\compiled.php(8935): call_user_func(Object(Closure), Object(Illuminate\Http\Request))
#41 D:\wamp\www\ektimo\vendor\compiled.php(1891): Illuminate\Pipeline\Pipeline->then(Object(Closure))
#42 D:\wamp\www\ektimo\vendor\compiled.php(1880): Illuminate\Foundation\Http\Kernel->sendRequestThroughRouter(Object(Illuminate\Http\Request))
#43 D:\wamp\www\ektimo\public\index.php(54): Illuminate\Foundation\Http\Kernel->handle(Object(Illuminate\Http\Request))
#44 D:\wamp\www\ektimo\server.php(21): require_once('D:\\wamp\\www\\ekt...')
#45 {main}  
[2015-12-09 08:11:55] local.ERROR: exception 'PDOException' with message 'SQLSTATE[23000]: Integrity constraint violation: 1052 Champ: 'order_id' dans where clause est ambigu' in D:\wamp\www\ektimo\vendor\laravel\framework\src\Illuminate\Database\Connection.php:292
Stack trace:
#0 D:\wamp\www\ektimo\vendor\laravel\framework\src\Illuminate\Database\Connection.php(292): PDO->prepare('select * from `...')
#1 D:\wamp\www\ektimo\vendor\laravel\framework\src\Illuminate\Database\Connection.php(616): Illuminate\Database\Connection->Illuminate\Database\{closure}(Object(Illuminate\Database\MySqlConnection), 'select * from `...', Array)
#2 D:\wamp\www\ektimo\vendor\laravel\framework\src\Illuminate\Database\Connection.php(580): Illuminate\Database\Connection->runQueryCallback('select * from `...', Array, Object(Closure))
#3 D:\wamp\www\ektimo\vendor\laravel\framework\src\Illuminate\Database\Connection.php(297): Illuminate\Database\Connection->run('select * from `...', Array, Object(Closure))
#4 D:\wamp\www\ektimo\vendor\laravel\framework\src\Illuminate\Database\Query\Builder.php(1377): Illuminate\Database\Connection->select('select * from `...', Array, true)
#5 D:\wamp\www\ektimo\vendor\laravel\framework\src\Illuminate\Database\Query\Builder.php(1367): Illuminate\Database\Query\Builder->runSelect()
#6 D:\wamp\www\ektimo\vendor\laravel\framework\src\Illuminate\Database\Query\Builder.php(1354): Illuminate\Database\Query\Builder->getFresh(Array)
#7 D:\wamp\www\ektimo\vendor\laravel\framework\src\Illuminate\Database\Query\Builder.php(1341): Illuminate\Database\Query\Builder->get(Array)
#8 D:\wamp\www\ektimo\app\Http\Controllers\HomeController.php(86): Illuminate\Database\Query\Builder->first()
#9 [internal function]: App\Http\Controllers\HomeController->index()
#10 D:\wamp\www\ektimo\vendor\compiled.php(8287): call_user_func_array(Array, Array)
#11 D:\wamp\www\ektimo\vendor\compiled.php(8354): Illuminate\Routing\Controller->callAction('index', Array)
#12 D:\wamp\www\ektimo\vendor\compiled.php(8333): Illuminate\Routing\ControllerDispatcher->call(Object(App\Http\Controllers\HomeController), Object(Illuminate\Routing\Route), 'index')
#13 [internal function]: Illuminate\Routing\ControllerDispatcher->Illuminate\Routing\{closure}(Object(Illuminate\Http\Request))
#14 D:\wamp\www\ektimo\vendor\compiled.php(8952): call_user_func(Object(Closure), Object(Illuminate\Http\Request))
#15 D:\wamp\www\ektimo\app\Http\Middleware\Authenticate.php(47): Illuminate\Pipeline\Pipeline->Illuminate\Pipeline\{closure}(Object(Illuminate\Http\Request))
#16 D:\wamp\www\ektimo\vendor\compiled.php(8944): App\Http\Middleware\Authenticate->handle(Object(Illuminate\Http\Request), Object(Closure))
#17 [internal function]: Illuminate\Pipeline\Pipeline->Illuminate\Pipeline\{closure}(Object(Illuminate\Http\Request))
#18 D:\wamp\www\ektimo\vendor\compiled.php(8935): call_user_func(Object(Closure), Object(Illuminate\Http\Request))
#19 D:\wamp\www\ektimo\vendor\compiled.php(8334): Illuminate\Pipeline\Pipeline->then(Object(Closure))
#20 D:\wamp\www\ektimo\vendor\compiled.php(8320): Illuminate\Routing\ControllerDispatcher->callWithinStack(Object(App\Http\Controllers\HomeController), Object(Illuminate\Routing\Route), Object(Illuminate\Http\Request), 'index')
#21 D:\wamp\www\ektimo\vendor\compiled.php(7317): Illuminate\Routing\ControllerDispatcher->dispatch(Object(Illuminate\Routing\Route), Object(Illuminate\Http\Request), 'App\\Http\\Contro...', 'index')
#22 D:\wamp\www\ektimo\vendor\compiled.php(7288): Illuminate\Routing\Route->runWithCustomDispatcher(Object(Illuminate\Http\Request))
#23 D:\wamp\www\ektimo\vendor\compiled.php(6954): Illuminate\Routing\Route->run(Object(Illuminate\Http\Request))
#24 [internal function]: Illuminate\Routing\Router->Illuminate\Routing\{closure}(Object(Illuminate\Http\Request))
#25 D:\wamp\www\ektimo\vendor\compiled.php(8952): call_user_func(Object(Closure), Object(Illuminate\Http\Request))
#26 [internal function]: Illuminate\Pipeline\Pipeline->Illuminate\Pipeline\{closure}(Object(Illuminate\Http\Request))
#27 D:\wamp\www\ektimo\vendor\compiled.php(8935): call_user_func(Object(Closure), Object(Illuminate\Http\Request))
#28 D:\wamp\www\ektimo\vendor\compiled.php(6955): Illuminate\Pipeline\Pipeline->then(Object(Closure))
#29 D:\wamp\www\ektimo\vendor\compiled.php(6944): Illuminate\Routing\Router->runRouteWithinStack(Object(Illuminate\Routing\Route), Object(Illuminate\Http\Request))
#30 D:\wamp\www\ektimo\vendor\compiled.php(6929): Illuminate\Routing\Router->dispatchToRoute(Object(Illuminate\Http\Request))
#31 D:\wamp\www\ektimo\vendor\compiled.php(1935): Illuminate\Routing\Router->dispatch(Object(Illuminate\Http\Request))
#32 [internal function]: Illuminate\Foundation\Http\Kernel->Illuminate\Foundation\Http\{closure}(Object(Illuminate\Http\Request))
#33 D:\wamp\www\ektimo\vendor\compiled.php(8952): call_user_func(Object(Closure), Object(Illuminate\Http\Request))
#34 D:\wamp\www\ektimo\vendor\compiled.php(2438): Illuminate\Pipeline\Pipeline->Illuminate\Pipeline\{closure}(Object(Illuminate\Http\Request))
#35 D:\wamp\www\ektimo\app\Http\Middleware\VerifyCsrfToken.php(17): Illuminate\Foundation\Http\Middleware\VerifyCsrfToken->handle(Object(Illuminate\Http\Request), Object(Closure))
#36 D:\wamp\www\ektimo\vendor\compiled.php(8944): App\Http\Middleware\VerifyCsrfToken->handle(Object(Illuminate\Http\Request), Object(Closure))
#37 D:\wamp\www\ektimo\vendor\compiled.php(12083): Illuminate\Pipeline\Pipeline->Illuminate\Pipeline\{closure}(Object(Illuminate\Http\Request))
#38 D:\wamp\www\ektimo\vendor\compiled.php(8944): Illuminate\View\Middleware\ShareErrorsFromSession->handle(Object(Illuminate\Http\Request), Object(Closure))
#39 D:\wamp\www\ektimo\vendor\compiled.php(10785): Illuminate\Pipeline\Pipeline->Illuminate\Pipeline\{closure}(Object(Illuminate\Http\Request))
#40 D:\wamp\www\ektimo\vendor\compiled.php(8944): Illuminate\Session\Middleware\StartSession->handle(Object(Illuminate\Http\Request), Object(Closure))
#41 D:\wamp\www\ektimo\vendor\compiled.php(11789): Illuminate\Pipeline\Pipeline->Illuminate\Pipeline\{closure}(Object(Illuminate\Http\Request))
#42 D:\wamp\www\ektimo\vendor\compiled.php(8944): Illuminate\Cookie\Middleware\AddQueuedCookiesToResponse->handle(Object(Illuminate\Http\Request), Object(Closure))
#43 D:\wamp\www\ektimo\vendor\compiled.php(11738): Illuminate\Pipeline\Pipeline->Illuminate\Pipeline\{closure}(Object(Illuminate\Http\Request))
#44 D:\wamp\www\ektimo\vendor\compiled.php(8944): Illuminate\Cookie\Middleware\EncryptCookies->handle(Object(Illuminate\Http\Request), Object(Closure))
#45 D:\wamp\www\ektimo\vendor\compiled.php(2478): Illuminate\Pipeline\Pipeline->Illuminate\Pipeline\{closure}(Object(Illuminate\Http\Request))
#46 D:\wamp\www\ektimo\vendor\compiled.php(8944): Illuminate\Foundation\Http\Middleware\CheckForMaintenanceMode->handle(Object(Illuminate\Http\Request), Object(Closure))
#47 [internal function]: Illuminate\Pipeline\Pipeline->Illuminate\Pipeline\{closure}(Object(Illuminate\Http\Request))
#48 D:\wamp\www\ektimo\vendor\compiled.php(8935): call_user_func(Object(Closure), Object(Illuminate\Http\Request))
#49 D:\wamp\www\ektimo\vendor\compiled.php(1891): Illuminate\Pipeline\Pipeline->then(Object(Closure))
#50 D:\wamp\www\ektimo\vendor\compiled.php(1880): Illuminate\Foundation\Http\Kernel->sendRequestThroughRouter(Object(Illuminate\Http\Request))
#51 D:\wamp\www\ektimo\public\index.php(54): Illuminate\Foundation\Http\Kernel->handle(Object(Illuminate\Http\Request))
#52 D:\wamp\www\ektimo\server.php(21): require_once('D:\\wamp\\www\\ekt...')
#53 {main}

Next exception 'Illuminate\Database\QueryException' with message 'SQLSTATE[23000]: Integrity constraint violation: 1052 Champ: 'order_id' dans where clause est ambigu (SQL: select * from `work_schedule`.`events` inner join `work_schedule`.`calendars` on `work_schedule`.`events`.`calendar_id` = `work_schedule`.`calendars`.`calendar_id` left join `raman`.`reporting_schedule` on `raman`.`reporting_schedule`.`order_id` = `work_schedule`.`events`.`order_id` left join `raman`.`laboratory_schedule` on `raman`.`laboratory_schedule`.`order_id` = `work_schedule`.`events`.`order_id` where `order_id` = 24 limit 1)' in D:\wamp\www\ektimo\vendor\laravel\framework\src\Illuminate\Database\Connection.php:624
Stack trace:
#0 D:\wamp\www\ektimo\vendor\laravel\framework\src\Illuminate\Database\Connection.php(580): Illuminate\Database\Connection->runQueryCallback('select * from `...', Array, Object(Closure))
#1 D:\wamp\www\ektimo\vendor\laravel\framework\src\Illuminate\Database\Connection.php(297): Illuminate\Database\Connection->run('select * from `...', Array, Object(Closure))
#2 D:\wamp\www\ektimo\vendor\laravel\framework\src\Illuminate\Database\Query\Builder.php(1377): Illuminate\Database\Connection->select('select * from `...', Array, true)
#3 D:\wamp\www\ektimo\vendor\laravel\framework\src\Illuminate\Database\Query\Builder.php(1367): Illuminate\Database\Query\Builder->runSelect()
#4 D:\wamp\www\ektimo\vendor\laravel\framework\src\Illuminate\Database\Query\Builder.php(1354): Illuminate\Database\Query\Builder->getFresh(Array)
#5 D:\wamp\www\ektimo\vendor\laravel\framework\src\Illuminate\Database\Query\Builder.php(1341): Illuminate\Database\Query\Builder->get(Array)
#6 D:\wamp\www\ektimo\app\Http\Controllers\HomeController.php(86): Illuminate\Database\Query\Builder->first()
#7 [internal function]: App\Http\Controllers\HomeController->index()
#8 D:\wamp\www\ektimo\vendor\compiled.php(8287): call_user_func_array(Array, Array)
#9 D:\wamp\www\ektimo\vendor\compiled.php(8354): Illuminate\Routing\Controller->callAction('index', Array)
#10 D:\wamp\www\ektimo\vendor\compiled.php(8333): Illuminate\Routing\ControllerDispatcher->call(Object(App\Http\Controllers\HomeController), Object(Illuminate\Routing\Route), 'index')
#11 [internal function]: Illuminate\Routing\ControllerDispatcher->Illuminate\Routing\{closure}(Object(Illuminate\Http\Request))
#12 D:\wamp\www\ektimo\vendor\compiled.php(8952): call_user_func(Object(Closure), Object(Illuminate\Http\Request))
#13 D:\wamp\www\ektimo\app\Http\Middleware\Authenticate.php(47): Illuminate\Pipeline\Pipeline->Illuminate\Pipeline\{closure}(Object(Illuminate\Http\Request))
#14 D:\wamp\www\ektimo\vendor\compiled.php(8944): App\Http\Middleware\Authenticate->handle(Object(Illuminate\Http\Request), Object(Closure))
#15 [internal function]: Illuminate\Pipeline\Pipeline->Illuminate\Pipeline\{closure}(Object(Illuminate\Http\Request))
#16 D:\wamp\www\ektimo\vendor\compiled.php(8935): call_user_func(Object(Closure), Object(Illuminate\Http\Request))
#17 D:\wamp\www\ektimo\vendor\compiled.php(8334): Illuminate\Pipeline\Pipeline->then(Object(Closure))
#18 D:\wamp\www\ektimo\vendor\compiled.php(8320): Illuminate\Routing\ControllerDispatcher->callWithinStack(Object(App\Http\Controllers\HomeController), Object(Illuminate\Routing\Route), Object(Illuminate\Http\Request), 'index')
#19 D:\wamp\www\ektimo\vendor\compiled.php(7317): Illuminate\Routing\ControllerDispatcher->dispatch(Object(Illuminate\Routing\Route), Object(Illuminate\Http\Request), 'App\\Http\\Contro...', 'index')
#20 D:\wamp\www\ektimo\vendor\compiled.php(7288): Illuminate\Routing\Route->runWithCustomDispatcher(Object(Illuminate\Http\Request))
#21 D:\wamp\www\ektimo\vendor\compiled.php(6954): Illuminate\Routing\Route->run(Object(Illuminate\Http\Request))
#22 [internal function]: Illuminate\Routing\Router->Illuminate\Routing\{closure}(Object(Illuminate\Http\Request))
#23 D:\wamp\www\ektimo\vendor\compiled.php(8952): call_user_func(Object(Closure), Object(Illuminate\Http\Request))
#24 [internal function]: Illuminate\Pipeline\Pipeline->Illuminate\Pipeline\{closure}(Object(Illuminate\Http\Request))
#25 D:\wamp\www\ektimo\vendor\compiled.php(8935): call_user_func(Object(Closure), Object(Illuminate\Http\Request))
#26 D:\wamp\www\ektimo\vendor\compiled.php(6955): Illuminate\Pipeline\Pipeline->then(Object(Closure))
#27 D:\wamp\www\ektimo\vendor\compiled.php(6944): Illuminate\Routing\Router->runRouteWithinStack(Object(Illuminate\Routing\Route), Object(Illuminate\Http\Request))
#28 D:\wamp\www\ektimo\vendor\compiled.php(6929): Illuminate\Routing\Router->dispatchToRoute(Object(Illuminate\Http\Request))
#29 D:\wamp\www\ektimo\vendor\compiled.php(1935): Illuminate\Routing\Router->dispatch(Object(Illuminate\Http\Request))
#30 [internal function]: Illuminate\Foundation\Http\Kernel->Illuminate\Foundation\Http\{closure}(Object(Illuminate\Http\Request))
#31 D:\wamp\www\ektimo\vendor\compiled.php(8952): call_user_func(Object(Closure), Object(Illuminate\Http\Request))
#32 D:\wamp\www\ektimo\vendor\compiled.php(2438): Illuminate\Pipeline\Pipeline->Illuminate\Pipeline\{closure}(Object(Illuminate\Http\Request))
#33 D:\wamp\www\ektimo\app\Http\Middleware\VerifyCsrfToken.php(17): Illuminate\Foundation\Http\Middleware\VerifyCsrfToken->handle(Object(Illuminate\Http\Request), Object(Closure))
#34 D:\wamp\www\ektimo\vendor\compiled.php(8944): App\Http\Middleware\VerifyCsrfToken->handle(Object(Illuminate\Http\Request), Object(Closure))
#35 D:\wamp\www\ektimo\vendor\compiled.php(12083): Illuminate\Pipeline\Pipeline->Illuminate\Pipeline\{closure}(Object(Illuminate\Http\Request))
#36 D:\wamp\www\ektimo\vendor\compiled.php(8944): Illuminate\View\Middleware\ShareErrorsFromSession->handle(Object(Illuminate\Http\Request), Object(Closure))
#37 D:\wamp\www\ektimo\vendor\compiled.php(10785): Illuminate\Pipeline\Pipeline->Illuminate\Pipeline\{closure}(Object(Illuminate\Http\Request))
#38 D:\wamp\www\ektimo\vendor\compiled.php(8944): Illuminate\Session\Middleware\StartSession->handle(Object(Illuminate\Http\Request), Object(Closure))
#39 D:\wamp\www\ektimo\vendor\compiled.php(11789): Illuminate\Pipeline\Pipeline->Illuminate\Pipeline\{closure}(Object(Illuminate\Http\Request))
#40 D:\wamp\www\ektimo\vendor\compiled.php(8944): Illuminate\Cookie\Middleware\AddQueuedCookiesToResponse->handle(Object(Illuminate\Http\Request), Object(Closure))
#41 D:\wamp\www\ektimo\vendor\compiled.php(11738): Illuminate\Pipeline\Pipeline->Illuminate\Pipeline\{closure}(Object(Illuminate\Http\Request))
#42 D:\wamp\www\ektimo\vendor\compiled.php(8944): Illuminate\Cookie\Middleware\EncryptCookies->handle(Object(Illuminate\Http\Request), Object(Closure))
#43 D:\wamp\www\ektimo\vendor\compiled.php(2478): Illuminate\Pipeline\Pipeline->Illuminate\Pipeline\{closure}(Object(Illuminate\Http\Request))
#44 D:\wamp\www\ektimo\vendor\compiled.php(8944): Illuminate\Foundation\Http\Middleware\CheckForMaintenanceMode->handle(Object(Illuminate\Http\Request), Object(Closure))
#45 [internal function]: Illuminate\Pipeline\Pipeline->Illuminate\Pipeline\{closure}(Object(Illuminate\Http\Request))
#46 D:\wamp\www\ektimo\vendor\compiled.php(8935): call_user_func(Object(Closure), Object(Illuminate\Http\Request))
#47 D:\wamp\www\ektimo\vendor\compiled.php(1891): Illuminate\Pipeline\Pipeline->then(Object(Closure))
#48 D:\wamp\www\ektimo\vendor\compiled.php(1880): Illuminate\Foundation\Http\Kernel->sendRequestThroughRouter(Object(Illuminate\Http\Request))
#49 D:\wamp\www\ektimo\public\index.php(54): Illuminate\Foundation\Http\Kernel->handle(Object(Illuminate\Http\Request))
#50 D:\wamp\www\ektimo\server.php(21): require_once('D:\\wamp\\www\\ekt...')
#51 {main}  
[2015-12-09 08:14:41] local.ERROR: exception 'ErrorException' with message 'Undefined property: stdClass::$name' in D:\wamp\www\ektimo\storage\framework\views\0ef1671b311e9a927333909330918e04:109
Stack trace:
#0 D:\wamp\www\ektimo\storage\framework\views\0ef1671b311e9a927333909330918e04(109): Illuminate\Foundation\Bootstrap\HandleExceptions->handleError(8, 'Undefined prope...', 'D:\\wamp\\www\\ekt...', 109, Array)
#1 D:\wamp\www\ektimo\vendor\compiled.php(13649): include('D:\\wamp\\www\\ekt...')
#2 D:\wamp\www\ektimo\vendor\compiled.php(13682): Illuminate\View\Engines\PhpEngine->evaluatePath('D:\\wamp\\www\\ekt...', Array)
#3 D:\wamp\www\ektimo\vendor\compiled.php(13522): Illuminate\View\Engines\CompilerEngine->get('D:\\wamp\\www\\ekt...', Array)
#4 D:\wamp\www\ektimo\vendor\compiled.php(13509): Illuminate\View\View->getContents()
#5 D:\wamp\www\ektimo\vendor\compiled.php(13500): Illuminate\View\View->renderContents()
#6 D:\wamp\www\ektimo\vendor\compiled.php(14596): Illuminate\View\View->render()
#7 D:\wamp\www\ektimo\vendor\compiled.php(14125): Illuminate\Http\Response->setContent(Object(Illuminate\View\View))
#8 D:\wamp\www\ektimo\vendor\compiled.php(7154): Symfony\Component\HttpFoundation\Response->__construct(Object(Illuminate\View\View))
#9 D:\wamp\www\ektimo\vendor\compiled.php(6954): Illuminate\Routing\Router->prepareResponse(Object(Illuminate\Http\Request), Object(Illuminate\View\View))
#10 [internal function]: Illuminate\Routing\Router->Illuminate\Routing\{closure}(Object(Illuminate\Http\Request))
#11 D:\wamp\www\ektimo\vendor\compiled.php(8952): call_user_func(Object(Closure), Object(Illuminate\Http\Request))
#12 [internal function]: Illuminate\Pipeline\Pipeline->Illuminate\Pipeline\{closure}(Object(Illuminate\Http\Request))
#13 D:\wamp\www\ektimo\vendor\compiled.php(8935): call_user_func(Object(Closure), Object(Illuminate\Http\Request))
#14 D:\wamp\www\ektimo\vendor\compiled.php(6955): Illuminate\Pipeline\Pipeline->then(Object(Closure))
#15 D:\wamp\www\ektimo\vendor\compiled.php(6944): Illuminate\Routing\Router->runRouteWithinStack(Object(Illuminate\Routing\Route), Object(Illuminate\Http\Request))
#16 D:\wamp\www\ektimo\vendor\compiled.php(6929): Illuminate\Routing\Router->dispatchToRoute(Object(Illuminate\Http\Request))
#17 D:\wamp\www\ektimo\vendor\compiled.php(1935): Illuminate\Routing\Router->dispatch(Object(Illuminate\Http\Request))
#18 [internal function]: Illuminate\Foundation\Http\Kernel->Illuminate\Foundation\Http\{closure}(Object(Illuminate\Http\Request))
#19 D:\wamp\www\ektimo\vendor\compiled.php(8952): call_user_func(Object(Closure), Object(Illuminate\Http\Request))
#20 D:\wamp\www\ektimo\vendor\compiled.php(2438): Illuminate\Pipeline\Pipeline->Illuminate\Pipeline\{closure}(Object(Illuminate\Http\Request))
#21 D:\wamp\www\ektimo\app\Http\Middleware\VerifyCsrfToken.php(17): Illuminate\Foundation\Http\Middleware\VerifyCsrfToken->handle(Object(Illuminate\Http\Request), Object(Closure))
#22 D:\wamp\www\ektimo\vendor\compiled.php(8944): App\Http\Middleware\VerifyCsrfToken->handle(Object(Illuminate\Http\Request), Object(Closure))
#23 D:\wamp\www\ektimo\vendor\compiled.php(12083): Illuminate\Pipeline\Pipeline->Illuminate\Pipeline\{closure}(Object(Illuminate\Http\Request))
#24 D:\wamp\www\ektimo\vendor\compiled.php(8944): Illuminate\View\Middleware\ShareErrorsFromSession->handle(Object(Illuminate\Http\Request), Object(Closure))
#25 D:\wamp\www\ektimo\vendor\compiled.php(10785): Illuminate\Pipeline\Pipeline->Illuminate\Pipeline\{closure}(Object(Illuminate\Http\Request))
#26 D:\wamp\www\ektimo\vendor\compiled.php(8944): Illuminate\Session\Middleware\StartSession->handle(Object(Illuminate\Http\Request), Object(Closure))
#27 D:\wamp\www\ektimo\vendor\compiled.php(11789): Illuminate\Pipeline\Pipeline->Illuminate\Pipeline\{closure}(Object(Illuminate\Http\Request))
#28 D:\wamp\www\ektimo\vendor\compiled.php(8944): Illuminate\Cookie\Middleware\AddQueuedCookiesToResponse->handle(Object(Illuminate\Http\Request), Object(Closure))
#29 D:\wamp\www\ektimo\vendor\compiled.php(11738): Illuminate\Pipeline\Pipeline->Illuminate\Pipeline\{closure}(Object(Illuminate\Http\Request))
#30 D:\wamp\www\ektimo\vendor\compiled.php(8944): Illuminate\Cookie\Middleware\EncryptCookies->handle(Object(Illuminate\Http\Request), Object(Closure))
#31 D:\wamp\www\ektimo\vendor\compiled.php(2478): Illuminate\Pipeline\Pipeline->Illuminate\Pipeline\{closure}(Object(Illuminate\Http\Request))
#32 D:\wamp\www\ektimo\vendor\compiled.php(8944): Illuminate\Foundation\Http\Middleware\CheckForMaintenanceMode->handle(Object(Illuminate\Http\Request), Object(Closure))
#33 [internal function]: Illuminate\Pipeline\Pipeline->Illuminate\Pipeline\{closure}(Object(Illuminate\Http\Request))
#34 D:\wamp\www\ektimo\vendor\compiled.php(8935): call_user_func(Object(Closure), Object(Illuminate\Http\Request))
#35 D:\wamp\www\ektimo\vendor\compiled.php(1891): Illuminate\Pipeline\Pipeline->then(Object(Closure))
#36 D:\wamp\www\ektimo\vendor\compiled.php(1880): Illuminate\Foundation\Http\Kernel->sendRequestThroughRouter(Object(Illuminate\Http\Request))
#37 D:\wamp\www\ektimo\public\index.php(54): Illuminate\Foundation\Http\Kernel->handle(Object(Illuminate\Http\Request))
#38 D:\wamp\www\ektimo\server.php(21): require_once('D:\\wamp\\www\\ekt...')
#39 {main}

Next exception 'ErrorException' with message 'Undefined property: stdClass::$name (View: D:\wamp\www\ektimo\resources\views\home.blade.php)' in D:\wamp\www\ektimo\storage\framework\views\0ef1671b311e9a927333909330918e04:109
Stack trace:
#0 D:\wamp\www\ektimo\vendor\compiled.php(13651): Illuminate\View\Engines\CompilerEngine->handleViewException(Object(ErrorException), 1)
#1 D:\wamp\www\ektimo\vendor\compiled.php(13682): Illuminate\View\Engines\PhpEngine->evaluatePath('D:\\wamp\\www\\ekt...', Array)
#2 D:\wamp\www\ektimo\vendor\compiled.php(13522): Illuminate\View\Engines\CompilerEngine->get('D:\\wamp\\www\\ekt...', Array)
#3 D:\wamp\www\ektimo\vendor\compiled.php(13509): Illuminate\View\View->getContents()
#4 D:\wamp\www\ektimo\vendor\compiled.php(13500): Illuminate\View\View->renderContents()
#5 D:\wamp\www\ektimo\vendor\compiled.php(14596): Illuminate\View\View->render()
#6 D:\wamp\www\ektimo\vendor\compiled.php(14125): Illuminate\Http\Response->setContent(Object(Illuminate\View\View))
#7 D:\wamp\www\ektimo\vendor\compiled.php(7154): Symfony\Component\HttpFoundation\Response->__construct(Object(Illuminate\View\View))
#8 D:\wamp\www\ektimo\vendor\compiled.php(6954): Illuminate\Routing\Router->prepareResponse(Object(Illuminate\Http\Request), Object(Illuminate\View\View))
#9 [internal function]: Illuminate\Routing\Router->Illuminate\Routing\{closure}(Object(Illuminate\Http\Request))
#10 D:\wamp\www\ektimo\vendor\compiled.php(8952): call_user_func(Object(Closure), Object(Illuminate\Http\Request))
#11 [internal function]: Illuminate\Pipeline\Pipeline->Illuminate\Pipeline\{closure}(Object(Illuminate\Http\Request))
#12 D:\wamp\www\ektimo\vendor\compiled.php(8935): call_user_func(Object(Closure), Object(Illuminate\Http\Request))
#13 D:\wamp\www\ektimo\vendor\compiled.php(6955): Illuminate\Pipeline\Pipeline->then(Object(Closure))
#14 D:\wamp\www\ektimo\vendor\compiled.php(6944): Illuminate\Routing\Router->runRouteWithinStack(Object(Illuminate\Routing\Route), Object(Illuminate\Http\Request))
#15 D:\wamp\www\ektimo\vendor\compiled.php(6929): Illuminate\Routing\Router->dispatchToRoute(Object(Illuminate\Http\Request))
#16 D:\wamp\www\ektimo\vendor\compiled.php(1935): Illuminate\Routing\Router->dispatch(Object(Illuminate\Http\Request))
#17 [internal function]: Illuminate\Foundation\Http\Kernel->Illuminate\Foundation\Http\{closure}(Object(Illuminate\Http\Request))
#18 D:\wamp\www\ektimo\vendor\compiled.php(8952): call_user_func(Object(Closure), Object(Illuminate\Http\Request))
#19 D:\wamp\www\ektimo\vendor\compiled.php(2438): Illuminate\Pipeline\Pipeline->Illuminate\Pipeline\{closure}(Object(Illuminate\Http\Request))
#20 D:\wamp\www\ektimo\app\Http\Middleware\VerifyCsrfToken.php(17): Illuminate\Foundation\Http\Middleware\VerifyCsrfToken->handle(Object(Illuminate\Http\Request), Object(Closure))
#21 D:\wamp\www\ektimo\vendor\compiled.php(8944): App\Http\Middleware\VerifyCsrfToken->handle(Object(Illuminate\Http\Request), Object(Closure))
#22 D:\wamp\www\ektimo\vendor\compiled.php(12083): Illuminate\Pipeline\Pipeline->Illuminate\Pipeline\{closure}(Object(Illuminate\Http\Request))
#23 D:\wamp\www\ektimo\vendor\compiled.php(8944): Illuminate\View\Middleware\ShareErrorsFromSession->handle(Object(Illuminate\Http\Request), Object(Closure))
#24 D:\wamp\www\ektimo\vendor\compiled.php(10785): Illuminate\Pipeline\Pipeline->Illuminate\Pipeline\{closure}(Object(Illuminate\Http\Request))
#25 D:\wamp\www\ektimo\vendor\compiled.php(8944): Illuminate\Session\Middleware\StartSession->handle(Object(Illuminate\Http\Request), Object(Closure))
#26 D:\wamp\www\ektimo\vendor\compiled.php(11789): Illuminate\Pipeline\Pipeline->Illuminate\Pipeline\{closure}(Object(Illuminate\Http\Request))
#27 D:\wamp\www\ektimo\vendor\compiled.php(8944): Illuminate\Cookie\Middleware\AddQueuedCookiesToResponse->handle(Object(Illuminate\Http\Request), Object(Closure))
#28 D:\wamp\www\ektimo\vendor\compiled.php(11738): Illuminate\Pipeline\Pipeline->Illuminate\Pipeline\{closure}(Object(Illuminate\Http\Request))
#29 D:\wamp\www\ektimo\vendor\compiled.php(8944): Illuminate\Cookie\Middleware\EncryptCookies->handle(Object(Illuminate\Http\Request), Object(Closure))
#30 D:\wamp\www\ektimo\vendor\compiled.php(2478): Illuminate\Pipeline\Pipeline->Illuminate\Pipeline\{closure}(Object(Illuminate\Http\Request))
#31 D:\wamp\www\ektimo\vendor\compiled.php(8944): Illuminate\Foundation\Http\Middleware\CheckForMaintenanceMode->handle(Object(Illuminate\Http\Request), Object(Closure))
#32 [internal function]: Illuminate\Pipeline\Pipeline->Illuminate\Pipeline\{closure}(Object(Illuminate\Http\Request))
#33 D:\wamp\www\ektimo\vendor\compiled.php(8935): call_user_func(Object(Closure), Object(Illuminate\Http\Request))
#34 D:\wamp\www\ektimo\vendor\compiled.php(1891): Illuminate\Pipeline\Pipeline->then(Object(Closure))
#35 D:\wamp\www\ektimo\vendor\compiled.php(1880): Illuminate\Foundation\Http\Kernel->sendRequestThroughRouter(Object(Illuminate\Http\Request))
#36 D:\wamp\www\ektimo\public\index.php(54): Illuminate\Foundation\Http\Kernel->handle(Object(Illuminate\Http\Request))
#37 D:\wamp\www\ektimo\server.php(21): require_once('D:\\wamp\\www\\ekt...')
#38 {main}  
