[2015-12-18 07:09:07] local.ERROR: exception 'BadMethodCallException' with message 'Method [validate/^[aZAZ09]$/] does not exist.' in D:\wamp\www\ektimo\vendor\laravel\framework\src\Illuminate\Validation\Validator.php:2615
Stack trace:
#0 D:\wamp\www\ektimo\vendor\laravel\framework\src\Illuminate\Validation\Validator.php(372): Illuminate\Validation\Validator->__call('validate/^[aZAZ...', Array)
#1 D:\wamp\www\ektimo\vendor\laravel\framework\src\Illuminate\Validation\Validator.php(372): Illuminate\Validation\Validator->validate/^[aZAZ09]$/('username', 'Sahil', Array, Object(Illuminate\Validation\Validator))
#2 D:\wamp\www\ektimo\vendor\laravel\framework\src\Illuminate\Validation\Validator.php(325): Illuminate\Validation\Validator->validate('username', '/^[a-zA-Z0-9]$/')
#3 D:\wamp\www\ektimo\vendor\laravel\framework\src\Illuminate\Validation\Validator.php(347): Illuminate\Validation\Validator->passes()
#4 D:\wamp\www\ektimo\app\Http\Controllers\admin\UsersController.php(51): Illuminate\Validation\Validator->fails()
#5 [internal function]: App\Http\Controllers\Admin\UsersController->store(Object(Illuminate\Http\Request))
#6 D:\wamp\www\ektimo\vendor\compiled.php(8287): call_user_func_array(Array, Array)
#7 D:\wamp\www\ektimo\vendor\compiled.php(8354): Illuminate\Routing\Controller->callAction('store', Array)
#8 D:\wamp\www\ektimo\vendor\compiled.php(8333): Illuminate\Routing\ControllerDispatcher->call(Object(App\Http\Controllers\Admin\UsersController), Object(Illuminate\Routing\Route), 'store')
#9 [internal function]: Illuminate\Routing\ControllerDispatcher->Illuminate\Routing\{closure}(Object(Illuminate\Http\Request))
#10 D:\wamp\www\ektimo\vendor\compiled.php(8952): call_user_func(Object(Closure), Object(Illuminate\Http\Request))
#11 D:\wamp\www\ektimo\app\Http\Middleware\Authenticate.php(47): Illuminate\Pipeline\Pipeline->Illuminate\Pipeline\{closure}(Object(Illuminate\Http\Request))
#12 D:\wamp\www\ektimo\vendor\compiled.php(8944): App\Http\Middleware\Authenticate->handle(Object(Illuminate\Http\Request), Object(Closure))
#13 [internal function]: Illuminate\Pipeline\Pipeline->Illuminate\Pipeline\{closure}(Object(Illuminate\Http\Request))
#14 D:\wamp\www\ektimo\vendor\compiled.php(8935): call_user_func(Object(Closure), Object(Illuminate\Http\Request))
#15 D:\wamp\www\ektimo\vendor\compiled.php(8334): Illuminate\Pipeline\Pipeline->then(Object(Closure))
#16 D:\wamp\www\ektimo\vendor\compiled.php(8320): Illuminate\Routing\ControllerDispatcher->callWithinStack(Object(App\Http\Controllers\Admin\UsersController), Object(Illuminate\Routing\Route), Object(Illuminate\Http\Request), 'store')
#17 D:\wamp\www\ektimo\vendor\compiled.php(7317): Illuminate\Routing\ControllerDispatcher->dispatch(Object(Illuminate\Routing\Route), Object(Illuminate\Http\Request), 'App\\Http\\Contro...', 'store')
#18 D:\wamp\www\ektimo\vendor\compiled.php(7288): Illuminate\Routing\Route->runWithCustomDispatcher(Object(Illuminate\Http\Request))
#19 D:\wamp\www\ektimo\vendor\compiled.php(6954): Illuminate\Routing\Route->run(Object(Illuminate\Http\Request))
#20 [internal function]: Illuminate\Routing\Router->Illuminate\Routing\{closure}(Object(Illuminate\Http\Request))
#21 D:\wamp\www\ektimo\vendor\compiled.php(8952): call_user_func(Object(Closure), Object(Illuminate\Http\Request))
#22 D:\wamp\www\ektimo\app\Http\Middleware\AdminMiddleware.php(22): Illuminate\Pipeline\Pipeline->Illuminate\Pipeline\{closure}(Object(Illuminate\Http\Request))
#23 D:\wamp\www\ektimo\vendor\compiled.php(8944): App\Http\Middleware\AdminMiddleware->handle(Object(Illuminate\Http\Request), Object(Closure))
#24 [internal function]: Illuminate\Pipeline\Pipeline->Illuminate\Pipeline\{closure}(Object(Illuminate\Http\Request))
#25 D:\wamp\www\ektimo\vendor\compiled.php(8935): call_user_func(Object(Closure), Object(Illuminate\Http\Request))
#26 D:\wamp\www\ektimo\vendor\compiled.php(6955): Illuminate\Pipeline\Pipeline->then(Object(Closure))
#27 D:\wamp\www\ektimo\vendor\compiled.php(6944): Illuminate\Routing\Router->runRouteWithinStack(Object(Illuminate\Routing\Route), Object(Illuminate\Http\Request))
#28 D:\wamp\www\ektimo\vendor\compiled.php(6929): Illuminate\Routing\Router->dispatchToRoute(Object(Illuminate\Http\Request))
#29 D:\wamp\www\ektimo\vendor\compiled.php(1935): Illuminate\Routing\Router->dispatch(Object(Illuminate\Http\Request))
#30 [internal function]: Illuminate\Foundation\Http\Kernel->Illuminate\Foundation\Http\{closure}(Object(Illuminate\Http\Request))
#31 D:\wamp\www\ektimo\vendor\compiled.php(8952): call_user_func(Object(Closure), Object(Illuminate\Http\Request))
#32 D:\wamp\www\ektimo\vendor\compiled.php(2438): Illuminate\Pipeline\Pipeline->Illuminate\Pipeline\{closure}(Object(Illuminate\Http\Request))
#33 D:\wamp\www\ektimo\app\Http\Middleware\VerifyCsrfToken.php(17): Illuminate\Foundation\Http\Middleware\VerifyCsrfToken->handle(Object(Illuminate\Http\Request), Object(Closure))
#34 D:\wamp\www\ektimo\vendor\compiled.php(8944): App\Http\Middleware\VerifyCsrfToken->handle(Object(Illuminate\Http\Request), Object(Closure))
#35 D:\wamp\www\ektimo\vendor\compiled.php(12083): Illuminate\Pipeline\Pipeline->Illuminate\Pipeline\{closure}(Object(Illuminate\Http\Request))
#36 D:\wamp\www\ektimo\vendor\compiled.php(8944): Illuminate\View\Middleware\ShareErrorsFromSession->handle(Object(Illuminate\Http\Request), Object(Closure))
#37 D:\wamp\www\ektimo\vendor\compiled.php(10785): Illuminate\Pipeline\Pipeline->Illuminate\Pipeline\{closure}(Object(Illuminate\Http\Request))
#38 D:\wamp\www\ektimo\vendor\compiled.php(8944): Illuminate\Session\Middleware\StartSession->handle(Object(Illuminate\Http\Request), Object(Closure))
#39 D:\wamp\www\ektimo\vendor\compiled.php(11789): Illuminate\Pipeline\Pipeline->Illuminate\Pipeline\{closure}(Object(Illuminate\Http\Request))
#40 D:\wamp\www\ektimo\vendor\compiled.php(8944): Illuminate\Cookie\Middleware\AddQueuedCookiesToResponse->handle(Object(Illuminate\Http\Request), Object(Closure))
#41 D:\wamp\www\ektimo\vendor\compiled.php(11738): Illuminate\Pipeline\Pipeline->Illuminate\Pipeline\{closure}(Object(Illuminate\Http\Request))
#42 D:\wamp\www\ektimo\vendor\compiled.php(8944): Illuminate\Cookie\Middleware\EncryptCookies->handle(Object(Illuminate\Http\Request), Object(Closure))
#43 D:\wamp\www\ektimo\vendor\compiled.php(2478): Illuminate\Pipeline\Pipeline->Illuminate\Pipeline\{closure}(Object(Illuminate\Http\Request))
#44 D:\wamp\www\ektimo\vendor\compiled.php(8944): Illuminate\Foundation\Http\Middleware\CheckForMaintenanceMode->handle(Object(Illuminate\Http\Request), Object(Closure))
#45 [internal function]: Illuminate\Pipeline\Pipeline->Illuminate\Pipeline\{closure}(Object(Illuminate\Http\Request))
#46 D:\wamp\www\ektimo\vendor\compiled.php(8935): call_user_func(Object(Closure), Object(Illuminate\Http\Request))
#47 D:\wamp\www\ektimo\vendor\compiled.php(1891): Illuminate\Pipeline\Pipeline->then(Object(Closure))
#48 D:\wamp\www\ektimo\vendor\compiled.php(1880): Illuminate\Foundation\Http\Kernel->sendRequestThroughRouter(Object(Illuminate\Http\Request))
#49 D:\wamp\www\ektimo\public\index.php(54): Illuminate\Foundation\Http\Kernel->handle(Object(Illuminate\Http\Request))
#50 D:\wamp\www\ektimo\server.php(21): require_once('D:\\wamp\\www\\ekt...')
#51 {main}  
[2015-12-18 07:09:27] local.ERROR: exception 'BadMethodCallException' with message 'Method [validate[aZAZ09]] does not exist.' in D:\wamp\www\ektimo\vendor\laravel\framework\src\Illuminate\Validation\Validator.php:2615
Stack trace:
#0 D:\wamp\www\ektimo\vendor\laravel\framework\src\Illuminate\Validation\Validator.php(372): Illuminate\Validation\Validator->__call('validate[aZAZ09...', Array)
#1 D:\wamp\www\ektimo\vendor\laravel\framework\src\Illuminate\Validation\Validator.php(372): Illuminate\Validation\Validator->validate[aZAZ09]('username', 'Sahil', Array, Object(Illuminate\Validation\Validator))
#2 D:\wamp\www\ektimo\vendor\laravel\framework\src\Illuminate\Validation\Validator.php(325): Illuminate\Validation\Validator->validate('username', '[a-zA-Z0-9]')
#3 D:\wamp\www\ektimo\vendor\laravel\framework\src\Illuminate\Validation\Validator.php(347): Illuminate\Validation\Validator->passes()
#4 D:\wamp\www\ektimo\app\Http\Controllers\admin\UsersController.php(51): Illuminate\Validation\Validator->fails()
#5 [internal function]: App\Http\Controllers\Admin\UsersController->store(Object(Illuminate\Http\Request))
#6 D:\wamp\www\ektimo\vendor\compiled.php(8287): call_user_func_array(Array, Array)
#7 D:\wamp\www\ektimo\vendor\compiled.php(8354): Illuminate\Routing\Controller->callAction('store', Array)
#8 D:\wamp\www\ektimo\vendor\compiled.php(8333): Illuminate\Routing\ControllerDispatcher->call(Object(App\Http\Controllers\Admin\UsersController), Object(Illuminate\Routing\Route), 'store')
#9 [internal function]: Illuminate\Routing\ControllerDispatcher->Illuminate\Routing\{closure}(Object(Illuminate\Http\Request))
#10 D:\wamp\www\ektimo\vendor\compiled.php(8952): call_user_func(Object(Closure), Object(Illuminate\Http\Request))
#11 D:\wamp\www\ektimo\app\Http\Middleware\Authenticate.php(47): Illuminate\Pipeline\Pipeline->Illuminate\Pipeline\{closure}(Object(Illuminate\Http\Request))
#12 D:\wamp\www\ektimo\vendor\compiled.php(8944): App\Http\Middleware\Authenticate->handle(Object(Illuminate\Http\Request), Object(Closure))
#13 [internal function]: Illuminate\Pipeline\Pipeline->Illuminate\Pipeline\{closure}(Object(Illuminate\Http\Request))
#14 D:\wamp\www\ektimo\vendor\compiled.php(8935): call_user_func(Object(Closure), Object(Illuminate\Http\Request))
#15 D:\wamp\www\ektimo\vendor\compiled.php(8334): Illuminate\Pipeline\Pipeline->then(Object(Closure))
#16 D:\wamp\www\ektimo\vendor\compiled.php(8320): Illuminate\Routing\ControllerDispatcher->callWithinStack(Object(App\Http\Controllers\Admin\UsersController), Object(Illuminate\Routing\Route), Object(Illuminate\Http\Request), 'store')
#17 D:\wamp\www\ektimo\vendor\compiled.php(7317): Illuminate\Routing\ControllerDispatcher->dispatch(Object(Illuminate\Routing\Route), Object(Illuminate\Http\Request), 'App\\Http\\Contro...', 'store')
#18 D:\wamp\www\ektimo\vendor\compiled.php(7288): Illuminate\Routing\Route->runWithCustomDispatcher(Object(Illuminate\Http\Request))
#19 D:\wamp\www\ektimo\vendor\compiled.php(6954): Illuminate\Routing\Route->run(Object(Illuminate\Http\Request))
#20 [internal function]: Illuminate\Routing\Router->Illuminate\Routing\{closure}(Object(Illuminate\Http\Request))
#21 D:\wamp\www\ektimo\vendor\compiled.php(8952): call_user_func(Object(Closure), Object(Illuminate\Http\Request))
#22 D:\wamp\www\ektimo\app\Http\Middleware\AdminMiddleware.php(22): Illuminate\Pipeline\Pipeline->Illuminate\Pipeline\{closure}(Object(Illuminate\Http\Request))
#23 D:\wamp\www\ektimo\vendor\compiled.php(8944): App\Http\Middleware\AdminMiddleware->handle(Object(Illuminate\Http\Request), Object(Closure))
#24 [internal function]: Illuminate\Pipeline\Pipeline->Illuminate\Pipeline\{closure}(Object(Illuminate\Http\Request))
#25 D:\wamp\www\ektimo\vendor\compiled.php(8935): call_user_func(Object(Closure), Object(Illuminate\Http\Request))
#26 D:\wamp\www\ektimo\vendor\compiled.php(6955): Illuminate\Pipeline\Pipeline->then(Object(Closure))
#27 D:\wamp\www\ektimo\vendor\compiled.php(6944): Illuminate\Routing\Router->runRouteWithinStack(Object(Illuminate\Routing\Route), Object(Illuminate\Http\Request))
#28 D:\wamp\www\ektimo\vendor\compiled.php(6929): Illuminate\Routing\Router->dispatchToRoute(Object(Illuminate\Http\Request))
#29 D:\wamp\www\ektimo\vendor\compiled.php(1935): Illuminate\Routing\Router->dispatch(Object(Illuminate\Http\Request))
#30 [internal function]: Illuminate\Foundation\Http\Kernel->Illuminate\Foundation\Http\{closure}(Object(Illuminate\Http\Request))
#31 D:\wamp\www\ektimo\vendor\compiled.php(8952): call_user_func(Object(Closure), Object(Illuminate\Http\Request))
#32 D:\wamp\www\ektimo\vendor\compiled.php(2438): Illuminate\Pipeline\Pipeline->Illuminate\Pipeline\{closure}(Object(Illuminate\Http\Request))
#33 D:\wamp\www\ektimo\app\Http\Middleware\VerifyCsrfToken.php(17): Illuminate\Foundation\Http\Middleware\VerifyCsrfToken->handle(Object(Illuminate\Http\Request), Object(Closure))
#34 D:\wamp\www\ektimo\vendor\compiled.php(8944): App\Http\Middleware\VerifyCsrfToken->handle(Object(Illuminate\Http\Request), Object(Closure))
#35 D:\wamp\www\ektimo\vendor\compiled.php(12083): Illuminate\Pipeline\Pipeline->Illuminate\Pipeline\{closure}(Object(Illuminate\Http\Request))
#36 D:\wamp\www\ektimo\vendor\compiled.php(8944): Illuminate\View\Middleware\ShareErrorsFromSession->handle(Object(Illuminate\Http\Request), Object(Closure))
#37 D:\wamp\www\ektimo\vendor\compiled.php(10785): Illuminate\Pipeline\Pipeline->Illuminate\Pipeline\{closure}(Object(Illuminate\Http\Request))
#38 D:\wamp\www\ektimo\vendor\compiled.php(8944): Illuminate\Session\Middleware\StartSession->handle(Object(Illuminate\Http\Request), Object(Closure))
#39 D:\wamp\www\ektimo\vendor\compiled.php(11789): Illuminate\Pipeline\Pipeline->Illuminate\Pipeline\{closure}(Object(Illuminate\Http\Request))
#40 D:\wamp\www\ektimo\vendor\compiled.php(8944): Illuminate\Cookie\Middleware\AddQueuedCookiesToResponse->handle(Object(Illuminate\Http\Request), Object(Closure))
#41 D:\wamp\www\ektimo\vendor\compiled.php(11738): Illuminate\Pipeline\Pipeline->Illuminate\Pipeline\{closure}(Object(Illuminate\Http\Request))
#42 D:\wamp\www\ektimo\vendor\compiled.php(8944): Illuminate\Cookie\Middleware\EncryptCookies->handle(Object(Illuminate\Http\Request), Object(Closure))
#43 D:\wamp\www\ektimo\vendor\compiled.php(2478): Illuminate\Pipeline\Pipeline->Illuminate\Pipeline\{closure}(Object(Illuminate\Http\Request))
#44 D:\wamp\www\ektimo\vendor\compiled.php(8944): Illuminate\Foundation\Http\Middleware\CheckForMaintenanceMode->handle(Object(Illuminate\Http\Request), Object(Closure))
#45 [internal function]: Illuminate\Pipeline\Pipeline->Illuminate\Pipeline\{closure}(Object(Illuminate\Http\Request))
#46 D:\wamp\www\ektimo\vendor\compiled.php(8935): call_user_func(Object(Closure), Object(Illuminate\Http\Request))
#47 D:\wamp\www\ektimo\vendor\compiled.php(1891): Illuminate\Pipeline\Pipeline->then(Object(Closure))
#48 D:\wamp\www\ektimo\vendor\compiled.php(1880): Illuminate\Foundation\Http\Kernel->sendRequestThroughRouter(Object(Illuminate\Http\Request))
#49 D:\wamp\www\ektimo\public\index.php(54): Illuminate\Foundation\Http\Kernel->handle(Object(Illuminate\Http\Request))
#50 D:\wamp\www\ektimo\server.php(21): require_once('D:\\wamp\\www\\ekt...')
#51 {main}  
[2015-12-18 07:14:15] local.ERROR: exception 'BadMethodCallException' with message 'Method [validate/^[AZaZ09]+$/] does not exist.' in D:\wamp\www\ektimo\vendor\laravel\framework\src\Illuminate\Validation\Validator.php:2615
Stack trace:
#0 D:\wamp\www\ektimo\vendor\laravel\framework\src\Illuminate\Validation\Validator.php(372): Illuminate\Validation\Validator->__call('validate/^[AZaZ...', Array)
#1 D:\wamp\www\ektimo\vendor\laravel\framework\src\Illuminate\Validation\Validator.php(372): Illuminate\Validation\Validator->validate/^[AZaZ09]+$/('username', 'Sahil', Array, Object(Illuminate\Validation\Validator))
#2 D:\wamp\www\ektimo\vendor\laravel\framework\src\Illuminate\Validation\Validator.php(325): Illuminate\Validation\Validator->validate('username', '/^[A-Za-z0-9_]+...')
#3 D:\wamp\www\ektimo\vendor\laravel\framework\src\Illuminate\Validation\Validator.php(347): Illuminate\Validation\Validator->passes()
#4 D:\wamp\www\ektimo\app\Http\Controllers\admin\UsersController.php(53): Illuminate\Validation\Validator->fails()
#5 [internal function]: App\Http\Controllers\Admin\UsersController->store(Object(Illuminate\Http\Request))
#6 D:\wamp\www\ektimo\vendor\compiled.php(8287): call_user_func_array(Array, Array)
#7 D:\wamp\www\ektimo\vendor\compiled.php(8354): Illuminate\Routing\Controller->callAction('store', Array)
#8 D:\wamp\www\ektimo\vendor\compiled.php(8333): Illuminate\Routing\ControllerDispatcher->call(Object(App\Http\Controllers\Admin\UsersController), Object(Illuminate\Routing\Route), 'store')
#9 [internal function]: Illuminate\Routing\ControllerDispatcher->Illuminate\Routing\{closure}(Object(Illuminate\Http\Request))
#10 D:\wamp\www\ektimo\vendor\compiled.php(8952): call_user_func(Object(Closure), Object(Illuminate\Http\Request))
#11 D:\wamp\www\ektimo\app\Http\Middleware\Authenticate.php(47): Illuminate\Pipeline\Pipeline->Illuminate\Pipeline\{closure}(Object(Illuminate\Http\Request))
#12 D:\wamp\www\ektimo\vendor\compiled.php(8944): App\Http\Middleware\Authenticate->handle(Object(Illuminate\Http\Request), Object(Closure))
#13 [internal function]: Illuminate\Pipeline\Pipeline->Illuminate\Pipeline\{closure}(Object(Illuminate\Http\Request))
#14 D:\wamp\www\ektimo\vendor\compiled.php(8935): call_user_func(Object(Closure), Object(Illuminate\Http\Request))
#15 D:\wamp\www\ektimo\vendor\compiled.php(8334): Illuminate\Pipeline\Pipeline->then(Object(Closure))
#16 D:\wamp\www\ektimo\vendor\compiled.php(8320): Illuminate\Routing\ControllerDispatcher->callWithinStack(Object(App\Http\Controllers\Admin\UsersController), Object(Illuminate\Routing\Route), Object(Illuminate\Http\Request), 'store')
#17 D:\wamp\www\ektimo\vendor\compiled.php(7317): Illuminate\Routing\ControllerDispatcher->dispatch(Object(Illuminate\Routing\Route), Object(Illuminate\Http\Request), 'App\\Http\\Contro...', 'store')
#18 D:\wamp\www\ektimo\vendor\compiled.php(7288): Illuminate\Routing\Route->runWithCustomDispatcher(Object(Illuminate\Http\Request))
#19 D:\wamp\www\ektimo\vendor\compiled.php(6954): Illuminate\Routing\Route->run(Object(Illuminate\Http\Request))
#20 [internal function]: Illuminate\Routing\Router->Illuminate\Routing\{closure}(Object(Illuminate\Http\Request))
#21 D:\wamp\www\ektimo\vendor\compiled.php(8952): call_user_func(Object(Closure), Object(Illuminate\Http\Request))
#22 D:\wamp\www\ektimo\app\Http\Middleware\AdminMiddleware.php(22): Illuminate\Pipeline\Pipeline->Illuminate\Pipeline\{closure}(Object(Illuminate\Http\Request))
#23 D:\wamp\www\ektimo\vendor\compiled.php(8944): App\Http\Middleware\AdminMiddleware->handle(Object(Illuminate\Http\Request), Object(Closure))
#24 [internal function]: Illuminate\Pipeline\Pipeline->Illuminate\Pipeline\{closure}(Object(Illuminate\Http\Request))
#25 D:\wamp\www\ektimo\vendor\compiled.php(8935): call_user_func(Object(Closure), Object(Illuminate\Http\Request))
#26 D:\wamp\www\ektimo\vendor\compiled.php(6955): Illuminate\Pipeline\Pipeline->then(Object(Closure))
#27 D:\wamp\www\ektimo\vendor\compiled.php(6944): Illuminate\Routing\Router->runRouteWithinStack(Object(Illuminate\Routing\Route), Object(Illuminate\Http\Request))
#28 D:\wamp\www\ektimo\vendor\compiled.php(6929): Illuminate\Routing\Router->dispatchToRoute(Object(Illuminate\Http\Request))
#29 D:\wamp\www\ektimo\vendor\compiled.php(1935): Illuminate\Routing\Router->dispatch(Object(Illuminate\Http\Request))
#30 [internal function]: Illuminate\Foundation\Http\Kernel->Illuminate\Foundation\Http\{closure}(Object(Illuminate\Http\Request))
#31 D:\wamp\www\ektimo\vendor\compiled.php(8952): call_user_func(Object(Closure), Object(Illuminate\Http\Request))
#32 D:\wamp\www\ektimo\vendor\compiled.php(2438): Illuminate\Pipeline\Pipeline->Illuminate\Pipeline\{closure}(Object(Illuminate\Http\Request))
#33 D:\wamp\www\ektimo\app\Http\Middleware\VerifyCsrfToken.php(17): Illuminate\Foundation\Http\Middleware\VerifyCsrfToken->handle(Object(Illuminate\Http\Request), Object(Closure))
#34 D:\wamp\www\ektimo\vendor\compiled.php(8944): App\Http\Middleware\VerifyCsrfToken->handle(Object(Illuminate\Http\Request), Object(Closure))
#35 D:\wamp\www\ektimo\vendor\compiled.php(12083): Illuminate\Pipeline\Pipeline->Illuminate\Pipeline\{closure}(Object(Illuminate\Http\Request))
#36 D:\wamp\www\ektimo\vendor\compiled.php(8944): Illuminate\View\Middleware\ShareErrorsFromSession->handle(Object(Illuminate\Http\Request), Object(Closure))
#37 D:\wamp\www\ektimo\vendor\compiled.php(10785): Illuminate\Pipeline\Pipeline->Illuminate\Pipeline\{closure}(Object(Illuminate\Http\Request))
#38 D:\wamp\www\ektimo\vendor\compiled.php(8944): Illuminate\Session\Middleware\StartSession->handle(Object(Illuminate\Http\Request), Object(Closure))
#39 D:\wamp\www\ektimo\vendor\compiled.php(11789): Illuminate\Pipeline\Pipeline->Illuminate\Pipeline\{closure}(Object(Illuminate\Http\Request))
#40 D:\wamp\www\ektimo\vendor\compiled.php(8944): Illuminate\Cookie\Middleware\AddQueuedCookiesToResponse->handle(Object(Illuminate\Http\Request), Object(Closure))
#41 D:\wamp\www\ektimo\vendor\compiled.php(11738): Illuminate\Pipeline\Pipeline->Illuminate\Pipeline\{closure}(Object(Illuminate\Http\Request))
#42 D:\wamp\www\ektimo\vendor\compiled.php(8944): Illuminate\Cookie\Middleware\EncryptCookies->handle(Object(Illuminate\Http\Request), Object(Closure))
#43 D:\wamp\www\ektimo\vendor\compiled.php(2478): Illuminate\Pipeline\Pipeline->Illuminate\Pipeline\{closure}(Object(Illuminate\Http\Request))
#44 D:\wamp\www\ektimo\vendor\compiled.php(8944): Illuminate\Foundation\Http\Middleware\CheckForMaintenanceMode->handle(Object(Illuminate\Http\Request), Object(Closure))
#45 [internal function]: Illuminate\Pipeline\Pipeline->Illuminate\Pipeline\{closure}(Object(Illuminate\Http\Request))
#46 D:\wamp\www\ektimo\vendor\compiled.php(8935): call_user_func(Object(Closure), Object(Illuminate\Http\Request))
#47 D:\wamp\www\ektimo\vendor\compiled.php(1891): Illuminate\Pipeline\Pipeline->then(Object(Closure))
#48 D:\wamp\www\ektimo\vendor\compiled.php(1880): Illuminate\Foundation\Http\Kernel->sendRequestThroughRouter(Object(Illuminate\Http\Request))
#49 D:\wamp\www\ektimo\public\index.php(54): Illuminate\Foundation\Http\Kernel->handle(Object(Illuminate\Http\Request))
#50 D:\wamp\www\ektimo\server.php(21): require_once('D:\\wamp\\www\\ekt...')
#51 {main}  
[2015-12-18 07:16:00] local.ERROR: exception 'ErrorException' with message 'Array to string conversion' in D:\wamp\www\ektimo\app\Http\Controllers\admin\UsersController.php:50
Stack trace:
#0 D:\wamp\www\ektimo\app\Http\Controllers\admin\UsersController.php(50): Illuminate\Foundation\Bootstrap\HandleExceptions->handleError(8, 'Array to string...', 'D:\\wamp\\www\\ekt...', 50, Array)
#1 [internal function]: App\Http\Controllers\Admin\UsersController->store(Object(Illuminate\Http\Request))
#2 D:\wamp\www\ektimo\vendor\compiled.php(8287): call_user_func_array(Array, Array)
#3 D:\wamp\www\ektimo\vendor\compiled.php(8354): Illuminate\Routing\Controller->callAction('store', Array)
#4 D:\wamp\www\ektimo\vendor\compiled.php(8333): Illuminate\Routing\ControllerDispatcher->call(Object(App\Http\Controllers\Admin\UsersController), Object(Illuminate\Routing\Route), 'store')
#5 [internal function]: Illuminate\Routing\ControllerDispatcher->Illuminate\Routing\{closure}(Object(Illuminate\Http\Request))
#6 D:\wamp\www\ektimo\vendor\compiled.php(8952): call_user_func(Object(Closure), Object(Illuminate\Http\Request))
#7 D:\wamp\www\ektimo\app\Http\Middleware\Authenticate.php(47): Illuminate\Pipeline\Pipeline->Illuminate\Pipeline\{closure}(Object(Illuminate\Http\Request))
#8 D:\wamp\www\ektimo\vendor\compiled.php(8944): App\Http\Middleware\Authenticate->handle(Object(Illuminate\Http\Request), Object(Closure))
#9 [internal function]: Illuminate\Pipeline\Pipeline->Illuminate\Pipeline\{closure}(Object(Illuminate\Http\Request))
#10 D:\wamp\www\ektimo\vendor\compiled.php(8935): call_user_func(Object(Closure), Object(Illuminate\Http\Request))
#11 D:\wamp\www\ektimo\vendor\compiled.php(8334): Illuminate\Pipeline\Pipeline->then(Object(Closure))
#12 D:\wamp\www\ektimo\vendor\compiled.php(8320): Illuminate\Routing\ControllerDispatcher->callWithinStack(Object(App\Http\Controllers\Admin\UsersController), Object(Illuminate\Routing\Route), Object(Illuminate\Http\Request), 'store')
#13 D:\wamp\www\ektimo\vendor\compiled.php(7317): Illuminate\Routing\ControllerDispatcher->dispatch(Object(Illuminate\Routing\Route), Object(Illuminate\Http\Request), 'App\\Http\\Contro...', 'store')
#14 D:\wamp\www\ektimo\vendor\compiled.php(7288): Illuminate\Routing\Route->runWithCustomDispatcher(Object(Illuminate\Http\Request))
#15 D:\wamp\www\ektimo\vendor\compiled.php(6954): Illuminate\Routing\Route->run(Object(Illuminate\Http\Request))
#16 [internal function]: Illuminate\Routing\Router->Illuminate\Routing\{closure}(Object(Illuminate\Http\Request))
#17 D:\wamp\www\ektimo\vendor\compiled.php(8952): call_user_func(Object(Closure), Object(Illuminate\Http\Request))
#18 D:\wamp\www\ektimo\app\Http\Middleware\AdminMiddleware.php(22): Illuminate\Pipeline\Pipeline->Illuminate\Pipeline\{closure}(Object(Illuminate\Http\Request))
#19 D:\wamp\www\ektimo\vendor\compiled.php(8944): App\Http\Middleware\AdminMiddleware->handle(Object(Illuminate\Http\Request), Object(Closure))
#20 [internal function]: Illuminate\Pipeline\Pipeline->Illuminate\Pipeline\{closure}(Object(Illuminate\Http\Request))
#21 D:\wamp\www\ektimo\vendor\compiled.php(8935): call_user_func(Object(Closure), Object(Illuminate\Http\Request))
#22 D:\wamp\www\ektimo\vendor\compiled.php(6955): Illuminate\Pipeline\Pipeline->then(Object(Closure))
#23 D:\wamp\www\ektimo\vendor\compiled.php(6944): Illuminate\Routing\Router->runRouteWithinStack(Object(Illuminate\Routing\Route), Object(Illuminate\Http\Request))
#24 D:\wamp\www\ektimo\vendor\compiled.php(6929): Illuminate\Routing\Router->dispatchToRoute(Object(Illuminate\Http\Request))
#25 D:\wamp\www\ektimo\vendor\compiled.php(1935): Illuminate\Routing\Router->dispatch(Object(Illuminate\Http\Request))
#26 [internal function]: Illuminate\Foundation\Http\Kernel->Illuminate\Foundation\Http\{closure}(Object(Illuminate\Http\Request))
#27 D:\wamp\www\ektimo\vendor\compiled.php(8952): call_user_func(Object(Closure), Object(Illuminate\Http\Request))
#28 D:\wamp\www\ektimo\vendor\compiled.php(2438): Illuminate\Pipeline\Pipeline->Illuminate\Pipeline\{closure}(Object(Illuminate\Http\Request))
#29 D:\wamp\www\ektimo\app\Http\Middleware\VerifyCsrfToken.php(17): Illuminate\Foundation\Http\Middleware\VerifyCsrfToken->handle(Object(Illuminate\Http\Request), Object(Closure))
#30 D:\wamp\www\ektimo\vendor\compiled.php(8944): App\Http\Middleware\VerifyCsrfToken->handle(Object(Illuminate\Http\Request), Object(Closure))
#31 D:\wamp\www\ektimo\vendor\compiled.php(12083): Illuminate\Pipeline\Pipeline->Illuminate\Pipeline\{closure}(Object(Illuminate\Http\Request))
#32 D:\wamp\www\ektimo\vendor\compiled.php(8944): Illuminate\View\Middleware\ShareErrorsFromSession->handle(Object(Illuminate\Http\Request), Object(Closure))
#33 D:\wamp\www\ektimo\vendor\compiled.php(10785): Illuminate\Pipeline\Pipeline->Illuminate\Pipeline\{closure}(Object(Illuminate\Http\Request))
#34 D:\wamp\www\ektimo\vendor\compiled.php(8944): Illuminate\Session\Middleware\StartSession->handle(Object(Illuminate\Http\Request), Object(Closure))
#35 D:\wamp\www\ektimo\vendor\compiled.php(11789): Illuminate\Pipeline\Pipeline->Illuminate\Pipeline\{closure}(Object(Illuminate\Http\Request))
#36 D:\wamp\www\ektimo\vendor\compiled.php(8944): Illuminate\Cookie\Middleware\AddQueuedCookiesToResponse->handle(Object(Illuminate\Http\Request), Object(Closure))
#37 D:\wamp\www\ektimo\vendor\compiled.php(11738): Illuminate\Pipeline\Pipeline->Illuminate\Pipeline\{closure}(Object(Illuminate\Http\Request))
#38 D:\wamp\www\ektimo\vendor\compiled.php(8944): Illuminate\Cookie\Middleware\EncryptCookies->handle(Object(Illuminate\Http\Request), Object(Closure))
#39 D:\wamp\www\ektimo\vendor\compiled.php(2478): Illuminate\Pipeline\Pipeline->Illuminate\Pipeline\{closure}(Object(Illuminate\Http\Request))
#40 D:\wamp\www\ektimo\vendor\compiled.php(8944): Illuminate\Foundation\Http\Middleware\CheckForMaintenanceMode->handle(Object(Illuminate\Http\Request), Object(Closure))
#41 [internal function]: Illuminate\Pipeline\Pipeline->Illuminate\Pipeline\{closure}(Object(Illuminate\Http\Request))
#42 D:\wamp\www\ektimo\vendor\compiled.php(8935): call_user_func(Object(Closure), Object(Illuminate\Http\Request))
#43 D:\wamp\www\ektimo\vendor\compiled.php(1891): Illuminate\Pipeline\Pipeline->then(Object(Closure))
#44 D:\wamp\www\ektimo\vendor\compiled.php(1880): Illuminate\Foundation\Http\Kernel->sendRequestThroughRouter(Object(Illuminate\Http\Request))
#45 D:\wamp\www\ektimo\public\index.php(54): Illuminate\Foundation\Http\Kernel->handle(Object(Illuminate\Http\Request))
#46 D:\wamp\www\ektimo\server.php(21): require_once('D:\\wamp\\www\\ekt...')
#47 {main}  
[2015-12-18 07:16:53] local.ERROR: exception 'ErrorException' with message 'Array to string conversion' in D:\wamp\www\ektimo\app\Http\Controllers\admin\UsersController.php:50
Stack trace:
#0 D:\wamp\www\ektimo\app\Http\Controllers\admin\UsersController.php(50): Illuminate\Foundation\Bootstrap\HandleExceptions->handleError(8, 'Array to string...', 'D:\\wamp\\www\\ekt...', 50, Array)
#1 [internal function]: App\Http\Controllers\Admin\UsersController->store(Object(Illuminate\Http\Request))
#2 D:\wamp\www\ektimo\vendor\compiled.php(8287): call_user_func_array(Array, Array)
#3 D:\wamp\www\ektimo\vendor\compiled.php(8354): Illuminate\Routing\Controller->callAction('store', Array)
#4 D:\wamp\www\ektimo\vendor\compiled.php(8333): Illuminate\Routing\ControllerDispatcher->call(Object(App\Http\Controllers\Admin\UsersController), Object(Illuminate\Routing\Route), 'store')
#5 [internal function]: Illuminate\Routing\ControllerDispatcher->Illuminate\Routing\{closure}(Object(Illuminate\Http\Request))
#6 D:\wamp\www\ektimo\vendor\compiled.php(8952): call_user_func(Object(Closure), Object(Illuminate\Http\Request))
#7 D:\wamp\www\ektimo\app\Http\Middleware\Authenticate.php(47): Illuminate\Pipeline\Pipeline->Illuminate\Pipeline\{closure}(Object(Illuminate\Http\Request))
#8 D:\wamp\www\ektimo\vendor\compiled.php(8944): App\Http\Middleware\Authenticate->handle(Object(Illuminate\Http\Request), Object(Closure))
#9 [internal function]: Illuminate\Pipeline\Pipeline->Illuminate\Pipeline\{closure}(Object(Illuminate\Http\Request))
#10 D:\wamp\www\ektimo\vendor\compiled.php(8935): call_user_func(Object(Closure), Object(Illuminate\Http\Request))
#11 D:\wamp\www\ektimo\vendor\compiled.php(8334): Illuminate\Pipeline\Pipeline->then(Object(Closure))
#12 D:\wamp\www\ektimo\vendor\compiled.php(8320): Illuminate\Routing\ControllerDispatcher->callWithinStack(Object(App\Http\Controllers\Admin\UsersController), Object(Illuminate\Routing\Route), Object(Illuminate\Http\Request), 'store')
#13 D:\wamp\www\ektimo\vendor\compiled.php(7317): Illuminate\Routing\ControllerDispatcher->dispatch(Object(Illuminate\Routing\Route), Object(Illuminate\Http\Request), 'App\\Http\\Contro...', 'store')
#14 D:\wamp\www\ektimo\vendor\compiled.php(7288): Illuminate\Routing\Route->runWithCustomDispatcher(Object(Illuminate\Http\Request))
#15 D:\wamp\www\ektimo\vendor\compiled.php(6954): Illuminate\Routing\Route->run(Object(Illuminate\Http\Request))
#16 [internal function]: Illuminate\Routing\Router->Illuminate\Routing\{closure}(Object(Illuminate\Http\Request))
#17 D:\wamp\www\ektimo\vendor\compiled.php(8952): call_user_func(Object(Closure), Object(Illuminate\Http\Request))
#18 D:\wamp\www\ektimo\app\Http\Middleware\AdminMiddleware.php(22): Illuminate\Pipeline\Pipeline->Illuminate\Pipeline\{closure}(Object(Illuminate\Http\Request))
#19 D:\wamp\www\ektimo\vendor\compiled.php(8944): App\Http\Middleware\AdminMiddleware->handle(Object(Illuminate\Http\Request), Object(Closure))
#20 [internal function]: Illuminate\Pipeline\Pipeline->Illuminate\Pipeline\{closure}(Object(Illuminate\Http\Request))
#21 D:\wamp\www\ektimo\vendor\compiled.php(8935): call_user_func(Object(Closure), Object(Illuminate\Http\Request))
#22 D:\wamp\www\ektimo\vendor\compiled.php(6955): Illuminate\Pipeline\Pipeline->then(Object(Closure))
#23 D:\wamp\www\ektimo\vendor\compiled.php(6944): Illuminate\Routing\Router->runRouteWithinStack(Object(Illuminate\Routing\Route), Object(Illuminate\Http\Request))
#24 D:\wamp\www\ektimo\vendor\compiled.php(6929): Illuminate\Routing\Router->dispatchToRoute(Object(Illuminate\Http\Request))
#25 D:\wamp\www\ektimo\vendor\compiled.php(1935): Illuminate\Routing\Router->dispatch(Object(Illuminate\Http\Request))
#26 [internal function]: Illuminate\Foundation\Http\Kernel->Illuminate\Foundation\Http\{closure}(Object(Illuminate\Http\Request))
#27 D:\wamp\www\ektimo\vendor\compiled.php(8952): call_user_func(Object(Closure), Object(Illuminate\Http\Request))
#28 D:\wamp\www\ektimo\vendor\compiled.php(2438): Illuminate\Pipeline\Pipeline->Illuminate\Pipeline\{closure}(Object(Illuminate\Http\Request))
#29 D:\wamp\www\ektimo\app\Http\Middleware\VerifyCsrfToken.php(17): Illuminate\Foundation\Http\Middleware\VerifyCsrfToken->handle(Object(Illuminate\Http\Request), Object(Closure))
#30 D:\wamp\www\ektimo\vendor\compiled.php(8944): App\Http\Middleware\VerifyCsrfToken->handle(Object(Illuminate\Http\Request), Object(Closure))
#31 D:\wamp\www\ektimo\vendor\compiled.php(12083): Illuminate\Pipeline\Pipeline->Illuminate\Pipeline\{closure}(Object(Illuminate\Http\Request))
#32 D:\wamp\www\ektimo\vendor\compiled.php(8944): Illuminate\View\Middleware\ShareErrorsFromSession->handle(Object(Illuminate\Http\Request), Object(Closure))
#33 D:\wamp\www\ektimo\vendor\compiled.php(10785): Illuminate\Pipeline\Pipeline->Illuminate\Pipeline\{closure}(Object(Illuminate\Http\Request))
#34 D:\wamp\www\ektimo\vendor\compiled.php(8944): Illuminate\Session\Middleware\StartSession->handle(Object(Illuminate\Http\Request), Object(Closure))
#35 D:\wamp\www\ektimo\vendor\compiled.php(11789): Illuminate\Pipeline\Pipeline->Illuminate\Pipeline\{closure}(Object(Illuminate\Http\Request))
#36 D:\wamp\www\ektimo\vendor\compiled.php(8944): Illuminate\Cookie\Middleware\AddQueuedCookiesToResponse->handle(Object(Illuminate\Http\Request), Object(Closure))
#37 D:\wamp\www\ektimo\vendor\compiled.php(11738): Illuminate\Pipeline\Pipeline->Illuminate\Pipeline\{closure}(Object(Illuminate\Http\Request))
#38 D:\wamp\www\ektimo\vendor\compiled.php(8944): Illuminate\Cookie\Middleware\EncryptCookies->handle(Object(Illuminate\Http\Request), Object(Closure))
#39 D:\wamp\www\ektimo\vendor\compiled.php(2478): Illuminate\Pipeline\Pipeline->Illuminate\Pipeline\{closure}(Object(Illuminate\Http\Request))
#40 D:\wamp\www\ektimo\vendor\compiled.php(8944): Illuminate\Foundation\Http\Middleware\CheckForMaintenanceMode->handle(Object(Illuminate\Http\Request), Object(Closure))
#41 [internal function]: Illuminate\Pipeline\Pipeline->Illuminate\Pipeline\{closure}(Object(Illuminate\Http\Request))
#42 D:\wamp\www\ektimo\vendor\compiled.php(8935): call_user_func(Object(Closure), Object(Illuminate\Http\Request))
#43 D:\wamp\www\ektimo\vendor\compiled.php(1891): Illuminate\Pipeline\Pipeline->then(Object(Closure))
#44 D:\wamp\www\ektimo\vendor\compiled.php(1880): Illuminate\Foundation\Http\Kernel->sendRequestThroughRouter(Object(Illuminate\Http\Request))
#45 D:\wamp\www\ektimo\public\index.php(54): Illuminate\Foundation\Http\Kernel->handle(Object(Illuminate\Http\Request))
#46 D:\wamp\www\ektimo\server.php(21): require_once('D:\\wamp\\www\\ekt...')
#47 {main}  
[2015-12-18 07:18:08] local.ERROR: exception 'PDOException' with message 'SQLSTATE[HY000]: General error: 1017 Ne peut trouver le fichier: '.\raman\userssize@003a5.frm' (Errcode: 13 - Permission denied)' in D:\wamp\www\ektimo\vendor\laravel\framework\src\Illuminate\Database\Connection.php:292
Stack trace:
#0 D:\wamp\www\ektimo\vendor\laravel\framework\src\Illuminate\Database\Connection.php(292): PDO->prepare('select count(*)...')
#1 D:\wamp\www\ektimo\vendor\laravel\framework\src\Illuminate\Database\Connection.php(616): Illuminate\Database\Connection->Illuminate\Database\{closure}(Object(Illuminate\Database\MySqlConnection), 'select count(*)...', Array)
#2 D:\wamp\www\ektimo\vendor\laravel\framework\src\Illuminate\Database\Connection.php(580): Illuminate\Database\Connection->runQueryCallback('select count(*)...', Array, Object(Closure))
#3 D:\wamp\www\ektimo\vendor\laravel\framework\src\Illuminate\Database\Connection.php(297): Illuminate\Database\Connection->run('select count(*)...', Array, Object(Closure))
#4 D:\wamp\www\ektimo\vendor\laravel\framework\src\Illuminate\Database\Query\Builder.php(1377): Illuminate\Database\Connection->select('select count(*)...', Array, true)
#5 D:\wamp\www\ektimo\vendor\laravel\framework\src\Illuminate\Database\Query\Builder.php(1367): Illuminate\Database\Query\Builder->runSelect()
#6 D:\wamp\www\ektimo\vendor\laravel\framework\src\Illuminate\Database\Query\Builder.php(1354): Illuminate\Database\Query\Builder->getFresh(Array)
#7 D:\wamp\www\ektimo\vendor\laravel\framework\src\Illuminate\Database\Query\Builder.php(1643): Illuminate\Database\Query\Builder->get(Array)
#8 D:\wamp\www\ektimo\vendor\laravel\framework\src\Illuminate\Database\Query\Builder.php(1581): Illuminate\Database\Query\Builder->aggregate('count', Array)
#9 D:\wamp\www\ektimo\vendor\laravel\framework\src\Illuminate\Validation\DatabasePresenceVerifier.php(57): Illuminate\Database\Query\Builder->count()
#10 D:\wamp\www\ektimo\vendor\laravel\framework\src\Illuminate\Validation\Validator.php(1057): Illuminate\Validation\DatabasePresenceVerifier->getCount('userssize:5', 'regex:/^[A-Za-z...', 'Sahil', NULL, NULL, Array)
#11 D:\wamp\www\ektimo\vendor\laravel\framework\src\Illuminate\Validation\Validator.php(372): Illuminate\Validation\Validator->validateUnique('username', 'Sahil', Array, Object(Illuminate\Validation\Validator))
#12 D:\wamp\www\ektimo\vendor\laravel\framework\src\Illuminate\Validation\Validator.php(325): Illuminate\Validation\Validator->validate('username', 'unique:userssiz...')
#13 D:\wamp\www\ektimo\vendor\laravel\framework\src\Illuminate\Validation\Validator.php(347): Illuminate\Validation\Validator->passes()
#14 D:\wamp\www\ektimo\app\Http\Controllers\admin\UsersController.php(53): Illuminate\Validation\Validator->fails()
#15 [internal function]: App\Http\Controllers\Admin\UsersController->store(Object(Illuminate\Http\Request))
#16 D:\wamp\www\ektimo\vendor\compiled.php(8287): call_user_func_array(Array, Array)
#17 D:\wamp\www\ektimo\vendor\compiled.php(8354): Illuminate\Routing\Controller->callAction('store', Array)
#18 D:\wamp\www\ektimo\vendor\compiled.php(8333): Illuminate\Routing\ControllerDispatcher->call(Object(App\Http\Controllers\Admin\UsersController), Object(Illuminate\Routing\Route), 'store')
#19 [internal function]: Illuminate\Routing\ControllerDispatcher->Illuminate\Routing\{closure}(Object(Illuminate\Http\Request))
#20 D:\wamp\www\ektimo\vendor\compiled.php(8952): call_user_func(Object(Closure), Object(Illuminate\Http\Request))
#21 D:\wamp\www\ektimo\app\Http\Middleware\Authenticate.php(47): Illuminate\Pipeline\Pipeline->Illuminate\Pipeline\{closure}(Object(Illuminate\Http\Request))
#22 D:\wamp\www\ektimo\vendor\compiled.php(8944): App\Http\Middleware\Authenticate->handle(Object(Illuminate\Http\Request), Object(Closure))
#23 [internal function]: Illuminate\Pipeline\Pipeline->Illuminate\Pipeline\{closure}(Object(Illuminate\Http\Request))
#24 D:\wamp\www\ektimo\vendor\compiled.php(8935): call_user_func(Object(Closure), Object(Illuminate\Http\Request))
#25 D:\wamp\www\ektimo\vendor\compiled.php(8334): Illuminate\Pipeline\Pipeline->then(Object(Closure))
#26 D:\wamp\www\ektimo\vendor\compiled.php(8320): Illuminate\Routing\ControllerDispatcher->callWithinStack(Object(App\Http\Controllers\Admin\UsersController), Object(Illuminate\Routing\Route), Object(Illuminate\Http\Request), 'store')
#27 D:\wamp\www\ektimo\vendor\compiled.php(7317): Illuminate\Routing\ControllerDispatcher->dispatch(Object(Illuminate\Routing\Route), Object(Illuminate\Http\Request), 'App\\Http\\Contro...', 'store')
#28 D:\wamp\www\ektimo\vendor\compiled.php(7288): Illuminate\Routing\Route->runWithCustomDispatcher(Object(Illuminate\Http\Request))
#29 D:\wamp\www\ektimo\vendor\compiled.php(6954): Illuminate\Routing\Route->run(Object(Illuminate\Http\Request))
#30 [internal function]: Illuminate\Routing\Router->Illuminate\Routing\{closure}(Object(Illuminate\Http\Request))
#31 D:\wamp\www\ektimo\vendor\compiled.php(8952): call_user_func(Object(Closure), Object(Illuminate\Http\Request))
#32 D:\wamp\www\ektimo\app\Http\Middleware\AdminMiddleware.php(22): Illuminate\Pipeline\Pipeline->Illuminate\Pipeline\{closure}(Object(Illuminate\Http\Request))
#33 D:\wamp\www\ektimo\vendor\compiled.php(8944): App\Http\Middleware\AdminMiddleware->handle(Object(Illuminate\Http\Request), Object(Closure))
#34 [internal function]: Illuminate\Pipeline\Pipeline->Illuminate\Pipeline\{closure}(Object(Illuminate\Http\Request))
#35 D:\wamp\www\ektimo\vendor\compiled.php(8935): call_user_func(Object(Closure), Object(Illuminate\Http\Request))
#36 D:\wamp\www\ektimo\vendor\compiled.php(6955): Illuminate\Pipeline\Pipeline->then(Object(Closure))
#37 D:\wamp\www\ektimo\vendor\compiled.php(6944): Illuminate\Routing\Router->runRouteWithinStack(Object(Illuminate\Routing\Route), Object(Illuminate\Http\Request))
#38 D:\wamp\www\ektimo\vendor\compiled.php(6929): Illuminate\Routing\Router->dispatchToRoute(Object(Illuminate\Http\Request))
#39 D:\wamp\www\ektimo\vendor\compiled.php(1935): Illuminate\Routing\Router->dispatch(Object(Illuminate\Http\Request))
#40 [internal function]: Illuminate\Foundation\Http\Kernel->Illuminate\Foundation\Http\{closure}(Object(Illuminate\Http\Request))
#41 D:\wamp\www\ektimo\vendor\compiled.php(8952): call_user_func(Object(Closure), Object(Illuminate\Http\Request))
#42 D:\wamp\www\ektimo\vendor\compiled.php(2438): Illuminate\Pipeline\Pipeline->Illuminate\Pipeline\{closure}(Object(Illuminate\Http\Request))
#43 D:\wamp\www\ektimo\app\Http\Middleware\VerifyCsrfToken.php(17): Illuminate\Foundation\Http\Middleware\VerifyCsrfToken->handle(Object(Illuminate\Http\Request), Object(Closure))
#44 D:\wamp\www\ektimo\vendor\compiled.php(8944): App\Http\Middleware\VerifyCsrfToken->handle(Object(Illuminate\Http\Request), Object(Closure))
#45 D:\wamp\www\ektimo\vendor\compiled.php(12083): Illuminate\Pipeline\Pipeline->Illuminate\Pipeline\{closure}(Object(Illuminate\Http\Request))
#46 D:\wamp\www\ektimo\vendor\compiled.php(8944): Illuminate\View\Middleware\ShareErrorsFromSession->handle(Object(Illuminate\Http\Request), Object(Closure))
#47 D:\wamp\www\ektimo\vendor\compiled.php(10785): Illuminate\Pipeline\Pipeline->Illuminate\Pipeline\{closure}(Object(Illuminate\Http\Request))
#48 D:\wamp\www\ektimo\vendor\compiled.php(8944): Illuminate\Session\Middleware\StartSession->handle(Object(Illuminate\Http\Request), Object(Closure))
#49 D:\wamp\www\ektimo\vendor\compiled.php(11789): Illuminate\Pipeline\Pipeline->Illuminate\Pipeline\{closure}(Object(Illuminate\Http\Request))
#50 D:\wamp\www\ektimo\vendor\compiled.php(8944): Illuminate\Cookie\Middleware\AddQueuedCookiesToResponse->handle(Object(Illuminate\Http\Request), Object(Closure))
#51 D:\wamp\www\ektimo\vendor\compiled.php(11738): Illuminate\Pipeline\Pipeline->Illuminate\Pipeline\{closure}(Object(Illuminate\Http\Request))
#52 D:\wamp\www\ektimo\vendor\compiled.php(8944): Illuminate\Cookie\Middleware\EncryptCookies->handle(Object(Illuminate\Http\Request), Object(Closure))
#53 D:\wamp\www\ektimo\vendor\compiled.php(2478): Illuminate\Pipeline\Pipeline->Illuminate\Pipeline\{closure}(Object(Illuminate\Http\Request))
#54 D:\wamp\www\ektimo\vendor\compiled.php(8944): Illuminate\Foundation\Http\Middleware\CheckForMaintenanceMode->handle(Object(Illuminate\Http\Request), Object(Closure))
#55 [internal function]: Illuminate\Pipeline\Pipeline->Illuminate\Pipeline\{closure}(Object(Illuminate\Http\Request))
#56 D:\wamp\www\ektimo\vendor\compiled.php(8935): call_user_func(Object(Closure), Object(Illuminate\Http\Request))
#57 D:\wamp\www\ektimo\vendor\compiled.php(1891): Illuminate\Pipeline\Pipeline->then(Object(Closure))
#58 D:\wamp\www\ektimo\vendor\compiled.php(1880): Illuminate\Foundation\Http\Kernel->sendRequestThroughRouter(Object(Illuminate\Http\Request))
#59 D:\wamp\www\ektimo\public\index.php(54): Illuminate\Foundation\Http\Kernel->handle(Object(Illuminate\Http\Request))
#60 D:\wamp\www\ektimo\server.php(21): require_once('D:\\wamp\\www\\ekt...')
#61 {main}

Next exception 'Illuminate\Database\QueryException' with message 'SQLSTATE[HY000]: General error: 1017 Ne peut trouver le fichier: '.\raman\userssize@003a5.frm' (Errcode: 13 - Permission denied) (SQL: select count(*) as aggregate from `userssize:5` where `regex:/^[A-Za-z0-9_]+$/` = Sahil)' in D:\wamp\www\ektimo\vendor\laravel\framework\src\Illuminate\Database\Connection.php:624
Stack trace:
#0 D:\wamp\www\ektimo\vendor\laravel\framework\src\Illuminate\Database\Connection.php(580): Illuminate\Database\Connection->runQueryCallback('select count(*)...', Array, Object(Closure))
#1 D:\wamp\www\ektimo\vendor\laravel\framework\src\Illuminate\Database\Connection.php(297): Illuminate\Database\Connection->run('select count(*)...', Array, Object(Closure))
#2 D:\wamp\www\ektimo\vendor\laravel\framework\src\Illuminate\Database\Query\Builder.php(1377): Illuminate\Database\Connection->select('select count(*)...', Array, true)
#3 D:\wamp\www\ektimo\vendor\laravel\framework\src\Illuminate\Database\Query\Builder.php(1367): Illuminate\Database\Query\Builder->runSelect()
#4 D:\wamp\www\ektimo\vendor\laravel\framework\src\Illuminate\Database\Query\Builder.php(1354): Illuminate\Database\Query\Builder->getFresh(Array)
#5 D:\wamp\www\ektimo\vendor\laravel\framework\src\Illuminate\Database\Query\Builder.php(1643): Illuminate\Database\Query\Builder->get(Array)
#6 D:\wamp\www\ektimo\vendor\laravel\framework\src\Illuminate\Database\Query\Builder.php(1581): Illuminate\Database\Query\Builder->aggregate('count', Array)
#7 D:\wamp\www\ektimo\vendor\laravel\framework\src\Illuminate\Validation\DatabasePresenceVerifier.php(57): Illuminate\Database\Query\Builder->count()
#8 D:\wamp\www\ektimo\vendor\laravel\framework\src\Illuminate\Validation\Validator.php(1057): Illuminate\Validation\DatabasePresenceVerifier->getCount('userssize:5', 'regex:/^[A-Za-z...', 'Sahil', NULL, NULL, Array)
#9 D:\wamp\www\ektimo\vendor\laravel\framework\src\Illuminate\Validation\Validator.php(372): Illuminate\Validation\Validator->validateUnique('username', 'Sahil', Array, Object(Illuminate\Validation\Validator))
#10 D:\wamp\www\ektimo\vendor\laravel\framework\src\Illuminate\Validation\Validator.php(325): Illuminate\Validation\Validator->validate('username', 'unique:userssiz...')
#11 D:\wamp\www\ektimo\vendor\laravel\framework\src\Illuminate\Validation\Validator.php(347): Illuminate\Validation\Validator->passes()
#12 D:\wamp\www\ektimo\app\Http\Controllers\admin\UsersController.php(53): Illuminate\Validation\Validator->fails()
#13 [internal function]: App\Http\Controllers\Admin\UsersController->store(Object(Illuminate\Http\Request))
#14 D:\wamp\www\ektimo\vendor\compiled.php(8287): call_user_func_array(Array, Array)
#15 D:\wamp\www\ektimo\vendor\compiled.php(8354): Illuminate\Routing\Controller->callAction('store', Array)
#16 D:\wamp\www\ektimo\vendor\compiled.php(8333): Illuminate\Routing\ControllerDispatcher->call(Object(App\Http\Controllers\Admin\UsersController), Object(Illuminate\Routing\Route), 'store')
#17 [internal function]: Illuminate\Routing\ControllerDispatcher->Illuminate\Routing\{closure}(Object(Illuminate\Http\Request))
#18 D:\wamp\www\ektimo\vendor\compiled.php(8952): call_user_func(Object(Closure), Object(Illuminate\Http\Request))
#19 D:\wamp\www\ektimo\app\Http\Middleware\Authenticate.php(47): Illuminate\Pipeline\Pipeline->Illuminate\Pipeline\{closure}(Object(Illuminate\Http\Request))
#20 D:\wamp\www\ektimo\vendor\compiled.php(8944): App\Http\Middleware\Authenticate->handle(Object(Illuminate\Http\Request), Object(Closure))
#21 [internal function]: Illuminate\Pipeline\Pipeline->Illuminate\Pipeline\{closure}(Object(Illuminate\Http\Request))
#22 D:\wamp\www\ektimo\vendor\compiled.php(8935): call_user_func(Object(Closure), Object(Illuminate\Http\Request))
#23 D:\wamp\www\ektimo\vendor\compiled.php(8334): Illuminate\Pipeline\Pipeline->then(Object(Closure))
#24 D:\wamp\www\ektimo\vendor\compiled.php(8320): Illuminate\Routing\ControllerDispatcher->callWithinStack(Object(App\Http\Controllers\Admin\UsersController), Object(Illuminate\Routing\Route), Object(Illuminate\Http\Request), 'store')
#25 D:\wamp\www\ektimo\vendor\compiled.php(7317): Illuminate\Routing\ControllerDispatcher->dispatch(Object(Illuminate\Routing\Route), Object(Illuminate\Http\Request), 'App\\Http\\Contro...', 'store')
#26 D:\wamp\www\ektimo\vendor\compiled.php(7288): Illuminate\Routing\Route->runWithCustomDispatcher(Object(Illuminate\Http\Request))
#27 D:\wamp\www\ektimo\vendor\compiled.php(6954): Illuminate\Routing\Route->run(Object(Illuminate\Http\Request))
#28 [internal function]: Illuminate\Routing\Router->Illuminate\Routing\{closure}(Object(Illuminate\Http\Request))
#29 D:\wamp\www\ektimo\vendor\compiled.php(8952): call_user_func(Object(Closure), Object(Illuminate\Http\Request))
#30 D:\wamp\www\ektimo\app\Http\Middleware\AdminMiddleware.php(22): Illuminate\Pipeline\Pipeline->Illuminate\Pipeline\{closure}(Object(Illuminate\Http\Request))
#31 D:\wamp\www\ektimo\vendor\compiled.php(8944): App\Http\Middleware\AdminMiddleware->handle(Object(Illuminate\Http\Request), Object(Closure))
#32 [internal function]: Illuminate\Pipeline\Pipeline->Illuminate\Pipeline\{closure}(Object(Illuminate\Http\Request))
#33 D:\wamp\www\ektimo\vendor\compiled.php(8935): call_user_func(Object(Closure), Object(Illuminate\Http\Request))
#34 D:\wamp\www\ektimo\vendor\compiled.php(6955): Illuminate\Pipeline\Pipeline->then(Object(Closure))
#35 D:\wamp\www\ektimo\vendor\compiled.php(6944): Illuminate\Routing\Router->runRouteWithinStack(Object(Illuminate\Routing\Route), Object(Illuminate\Http\Request))
#36 D:\wamp\www\ektimo\vendor\compiled.php(6929): Illuminate\Routing\Router->dispatchToRoute(Object(Illuminate\Http\Request))
#37 D:\wamp\www\ektimo\vendor\compiled.php(1935): Illuminate\Routing\Router->dispatch(Object(Illuminate\Http\Request))
#38 [internal function]: Illuminate\Foundation\Http\Kernel->Illuminate\Foundation\Http\{closure}(Object(Illuminate\Http\Request))
#39 D:\wamp\www\ektimo\vendor\compiled.php(8952): call_user_func(Object(Closure), Object(Illuminate\Http\Request))
#40 D:\wamp\www\ektimo\vendor\compiled.php(2438): Illuminate\Pipeline\Pipeline->Illuminate\Pipeline\{closure}(Object(Illuminate\Http\Request))
#41 D:\wamp\www\ektimo\app\Http\Middleware\VerifyCsrfToken.php(17): Illuminate\Foundation\Http\Middleware\VerifyCsrfToken->handle(Object(Illuminate\Http\Request), Object(Closure))
#42 D:\wamp\www\ektimo\vendor\compiled.php(8944): App\Http\Middleware\VerifyCsrfToken->handle(Object(Illuminate\Http\Request), Object(Closure))
#43 D:\wamp\www\ektimo\vendor\compiled.php(12083): Illuminate\Pipeline\Pipeline->Illuminate\Pipeline\{closure}(Object(Illuminate\Http\Request))
#44 D:\wamp\www\ektimo\vendor\compiled.php(8944): Illuminate\View\Middleware\ShareErrorsFromSession->handle(Object(Illuminate\Http\Request), Object(Closure))
#45 D:\wamp\www\ektimo\vendor\compiled.php(10785): Illuminate\Pipeline\Pipeline->Illuminate\Pipeline\{closure}(Object(Illuminate\Http\Request))
#46 D:\wamp\www\ektimo\vendor\compiled.php(8944): Illuminate\Session\Middleware\StartSession->handle(Object(Illuminate\Http\Request), Object(Closure))
#47 D:\wamp\www\ektimo\vendor\compiled.php(11789): Illuminate\Pipeline\Pipeline->Illuminate\Pipeline\{closure}(Object(Illuminate\Http\Request))
#48 D:\wamp\www\ektimo\vendor\compiled.php(8944): Illuminate\Cookie\Middleware\AddQueuedCookiesToResponse->handle(Object(Illuminate\Http\Request), Object(Closure))
#49 D:\wamp\www\ektimo\vendor\compiled.php(11738): Illuminate\Pipeline\Pipeline->Illuminate\Pipeline\{closure}(Object(Illuminate\Http\Request))
#50 D:\wamp\www\ektimo\vendor\compiled.php(8944): Illuminate\Cookie\Middleware\EncryptCookies->handle(Object(Illuminate\Http\Request), Object(Closure))
#51 D:\wamp\www\ektimo\vendor\compiled.php(2478): Illuminate\Pipeline\Pipeline->Illuminate\Pipeline\{closure}(Object(Illuminate\Http\Request))
#52 D:\wamp\www\ektimo\vendor\compiled.php(8944): Illuminate\Foundation\Http\Middleware\CheckForMaintenanceMode->handle(Object(Illuminate\Http\Request), Object(Closure))
#53 [internal function]: Illuminate\Pipeline\Pipeline->Illuminate\Pipeline\{closure}(Object(Illuminate\Http\Request))
#54 D:\wamp\www\ektimo\vendor\compiled.php(8935): call_user_func(Object(Closure), Object(Illuminate\Http\Request))
#55 D:\wamp\www\ektimo\vendor\compiled.php(1891): Illuminate\Pipeline\Pipeline->then(Object(Closure))
#56 D:\wamp\www\ektimo\vendor\compiled.php(1880): Illuminate\Foundation\Http\Kernel->sendRequestThroughRouter(Object(Illuminate\Http\Request))
#57 D:\wamp\www\ektimo\public\index.php(54): Illuminate\Foundation\Http\Kernel->handle(Object(Illuminate\Http\Request))
#58 D:\wamp\www\ektimo\server.php(21): require_once('D:\\wamp\\www\\ekt...')
#59 {main}  
[2015-12-18 07:21:47] local.ERROR: exception 'ErrorException' with message 'preg_match(): No ending delimiter '^' found' in D:\wamp\www\ektimo\vendor\laravel\framework\src\Illuminate\Validation\Validator.php:1308
Stack trace:
#0 [internal function]: Illuminate\Foundation\Bootstrap\HandleExceptions->handleError(2, 'preg_match(): N...', 'D:\\wamp\\www\\ekt...', 1308, Array)
#1 D:\wamp\www\ektimo\vendor\laravel\framework\src\Illuminate\Validation\Validator.php(1308): preg_match('^[a-z0-9_-]{3,1...', 'Sah')
#2 D:\wamp\www\ektimo\vendor\laravel\framework\src\Illuminate\Validation\Validator.php(372): Illuminate\Validation\Validator->validateRegex('username', 'Sah', Array, Object(Illuminate\Validation\Validator))
#3 D:\wamp\www\ektimo\vendor\laravel\framework\src\Illuminate\Validation\Validator.php(325): Illuminate\Validation\Validator->validate('username', 'regex:^[a-z0-9_...')
#4 D:\wamp\www\ektimo\vendor\laravel\framework\src\Illuminate\Validation\Validator.php(347): Illuminate\Validation\Validator->passes()
#5 D:\wamp\www\ektimo\app\Http\Controllers\admin\UsersController.php(53): Illuminate\Validation\Validator->fails()
#6 [internal function]: App\Http\Controllers\Admin\UsersController->store(Object(Illuminate\Http\Request))
#7 D:\wamp\www\ektimo\vendor\compiled.php(8287): call_user_func_array(Array, Array)
#8 D:\wamp\www\ektimo\vendor\compiled.php(8354): Illuminate\Routing\Controller->callAction('store', Array)
#9 D:\wamp\www\ektimo\vendor\compiled.php(8333): Illuminate\Routing\ControllerDispatcher->call(Object(App\Http\Controllers\Admin\UsersController), Object(Illuminate\Routing\Route), 'store')
#10 [internal function]: Illuminate\Routing\ControllerDispatcher->Illuminate\Routing\{closure}(Object(Illuminate\Http\Request))
#11 D:\wamp\www\ektimo\vendor\compiled.php(8952): call_user_func(Object(Closure), Object(Illuminate\Http\Request))
#12 D:\wamp\www\ektimo\app\Http\Middleware\Authenticate.php(47): Illuminate\Pipeline\Pipeline->Illuminate\Pipeline\{closure}(Object(Illuminate\Http\Request))
#13 D:\wamp\www\ektimo\vendor\compiled.php(8944): App\Http\Middleware\Authenticate->handle(Object(Illuminate\Http\Request), Object(Closure))
#14 [internal function]: Illuminate\Pipeline\Pipeline->Illuminate\Pipeline\{closure}(Object(Illuminate\Http\Request))
#15 D:\wamp\www\ektimo\vendor\compiled.php(8935): call_user_func(Object(Closure), Object(Illuminate\Http\Request))
#16 D:\wamp\www\ektimo\vendor\compiled.php(8334): Illuminate\Pipeline\Pipeline->then(Object(Closure))
#17 D:\wamp\www\ektimo\vendor\compiled.php(8320): Illuminate\Routing\ControllerDispatcher->callWithinStack(Object(App\Http\Controllers\Admin\UsersController), Object(Illuminate\Routing\Route), Object(Illuminate\Http\Request), 'store')
#18 D:\wamp\www\ektimo\vendor\compiled.php(7317): Illuminate\Routing\ControllerDispatcher->dispatch(Object(Illuminate\Routing\Route), Object(Illuminate\Http\Request), 'App\\Http\\Contro...', 'store')
#19 D:\wamp\www\ektimo\vendor\compiled.php(7288): Illuminate\Routing\Route->runWithCustomDispatcher(Object(Illuminate\Http\Request))
#20 D:\wamp\www\ektimo\vendor\compiled.php(6954): Illuminate\Routing\Route->run(Object(Illuminate\Http\Request))
#21 [internal function]: Illuminate\Routing\Router->Illuminate\Routing\{closure}(Object(Illuminate\Http\Request))
#22 D:\wamp\www\ektimo\vendor\compiled.php(8952): call_user_func(Object(Closure), Object(Illuminate\Http\Request))
#23 D:\wamp\www\ektimo\app\Http\Middleware\AdminMiddleware.php(22): Illuminate\Pipeline\Pipeline->Illuminate\Pipeline\{closure}(Object(Illuminate\Http\Request))
#24 D:\wamp\www\ektimo\vendor\compiled.php(8944): App\Http\Middleware\AdminMiddleware->handle(Object(Illuminate\Http\Request), Object(Closure))
#25 [internal function]: Illuminate\Pipeline\Pipeline->Illuminate\Pipeline\{closure}(Object(Illuminate\Http\Request))
#26 D:\wamp\www\ektimo\vendor\compiled.php(8935): call_user_func(Object(Closure), Object(Illuminate\Http\Request))
#27 D:\wamp\www\ektimo\vendor\compiled.php(6955): Illuminate\Pipeline\Pipeline->then(Object(Closure))
#28 D:\wamp\www\ektimo\vendor\compiled.php(6944): Illuminate\Routing\Router->runRouteWithinStack(Object(Illuminate\Routing\Route), Object(Illuminate\Http\Request))
#29 D:\wamp\www\ektimo\vendor\compiled.php(6929): Illuminate\Routing\Router->dispatchToRoute(Object(Illuminate\Http\Request))
#30 D:\wamp\www\ektimo\vendor\compiled.php(1935): Illuminate\Routing\Router->dispatch(Object(Illuminate\Http\Request))
#31 [internal function]: Illuminate\Foundation\Http\Kernel->Illuminate\Foundation\Http\{closure}(Object(Illuminate\Http\Request))
#32 D:\wamp\www\ektimo\vendor\compiled.php(8952): call_user_func(Object(Closure), Object(Illuminate\Http\Request))
#33 D:\wamp\www\ektimo\vendor\compiled.php(2438): Illuminate\Pipeline\Pipeline->Illuminate\Pipeline\{closure}(Object(Illuminate\Http\Request))
#34 D:\wamp\www\ektimo\app\Http\Middleware\VerifyCsrfToken.php(17): Illuminate\Foundation\Http\Middleware\VerifyCsrfToken->handle(Object(Illuminate\Http\Request), Object(Closure))
#35 D:\wamp\www\ektimo\vendor\compiled.php(8944): App\Http\Middleware\VerifyCsrfToken->handle(Object(Illuminate\Http\Request), Object(Closure))
#36 D:\wamp\www\ektimo\vendor\compiled.php(12083): Illuminate\Pipeline\Pipeline->Illuminate\Pipeline\{closure}(Object(Illuminate\Http\Request))
#37 D:\wamp\www\ektimo\vendor\compiled.php(8944): Illuminate\View\Middleware\ShareErrorsFromSession->handle(Object(Illuminate\Http\Request), Object(Closure))
#38 D:\wamp\www\ektimo\vendor\compiled.php(10785): Illuminate\Pipeline\Pipeline->Illuminate\Pipeline\{closure}(Object(Illuminate\Http\Request))
#39 D:\wamp\www\ektimo\vendor\compiled.php(8944): Illuminate\Session\Middleware\StartSession->handle(Object(Illuminate\Http\Request), Object(Closure))
#40 D:\wamp\www\ektimo\vendor\compiled.php(11789): Illuminate\Pipeline\Pipeline->Illuminate\Pipeline\{closure}(Object(Illuminate\Http\Request))
#41 D:\wamp\www\ektimo\vendor\compiled.php(8944): Illuminate\Cookie\Middleware\AddQueuedCookiesToResponse->handle(Object(Illuminate\Http\Request), Object(Closure))
#42 D:\wamp\www\ektimo\vendor\compiled.php(11738): Illuminate\Pipeline\Pipeline->Illuminate\Pipeline\{closure}(Object(Illuminate\Http\Request))
#43 D:\wamp\www\ektimo\vendor\compiled.php(8944): Illuminate\Cookie\Middleware\EncryptCookies->handle(Object(Illuminate\Http\Request), Object(Closure))
#44 D:\wamp\www\ektimo\vendor\compiled.php(2478): Illuminate\Pipeline\Pipeline->Illuminate\Pipeline\{closure}(Object(Illuminate\Http\Request))
#45 D:\wamp\www\ektimo\vendor\compiled.php(8944): Illuminate\Foundation\Http\Middleware\CheckForMaintenanceMode->handle(Object(Illuminate\Http\Request), Object(Closure))
#46 [internal function]: Illuminate\Pipeline\Pipeline->Illuminate\Pipeline\{closure}(Object(Illuminate\Http\Request))
#47 D:\wamp\www\ektimo\vendor\compiled.php(8935): call_user_func(Object(Closure), Object(Illuminate\Http\Request))
#48 D:\wamp\www\ektimo\vendor\compiled.php(1891): Illuminate\Pipeline\Pipeline->then(Object(Closure))
#49 D:\wamp\www\ektimo\vendor\compiled.php(1880): Illuminate\Foundation\Http\Kernel->sendRequestThroughRouter(Object(Illuminate\Http\Request))
#50 D:\wamp\www\ektimo\public\index.php(54): Illuminate\Foundation\Http\Kernel->handle(Object(Illuminate\Http\Request))
#51 D:\wamp\www\ektimo\server.php(21): require_once('D:\\wamp\\www\\ekt...')
#52 {main}  
[2015-12-18 07:38:55] local.ERROR: exception 'Symfony\Component\Debug\Exception\FatalErrorException' with message 'syntax error, unexpected ';', expecting ']'' in D:\wamp\www\ektimo\resources\lang\en\validation.php:111
Stack trace:
#0 D:\wamp\www\ektimo\vendor\compiled.php(1743): Symfony\Component\Debug\Exception\FatalErrorException->__construct()
#1 D:\wamp\www\ektimo\vendor\compiled.php(1738): Illuminate\Foundation\Bootstrap\HandleExceptions->fatalExceptionFromError()
#2 D:\wamp\www\ektimo\vendor\compiled.php(0): Illuminate\Foundation\Bootstrap\HandleExceptions->handleShutdown()
#3 D:\wamp\www\ektimo\vendor\laravel\framework\src\Illuminate\Translation\FileLoader.php(112): Illuminate\Filesystem\Filesystem->getRequire()
#4 D:\wamp\www\ektimo\vendor\laravel\framework\src\Illuminate\Translation\FileLoader.php(53): Illuminate\Translation\FileLoader->loadPath()
#5 D:\wamp\www\ektimo\vendor\laravel\framework\src\Illuminate\Translation\Translator.php(216): Illuminate\Translation\FileLoader->load()
#6 D:\wamp\www\ektimo\vendor\laravel\framework\src\Illuminate\Translation\Translator.php(80): Illuminate\Translation\Translator->load()
#7 D:\wamp\www\ektimo\vendor\laravel\framework\src\Illuminate\Translation\Translator.php(183): Illuminate\Translation\Translator->get()
#8 D:\wamp\www\ektimo\vendor\laravel\framework\src\Illuminate\Validation\Validator.php(1524): Illuminate\Translation\Translator->trans()
#9 D:\wamp\www\ektimo\vendor\laravel\framework\src\Illuminate\Validation\Validator.php(517): Illuminate\Validation\Validator->getMessage()
#10 D:\wamp\www\ektimo\vendor\laravel\framework\src\Illuminate\Validation\Validator.php(502): Illuminate\Validation\Validator->addError()
#11 D:\wamp\www\ektimo\vendor\laravel\framework\src\Illuminate\Validation\Validator.php(374): Illuminate\Validation\Validator->addFailure()
#12 D:\wamp\www\ektimo\vendor\laravel\framework\src\Illuminate\Validation\Validator.php(325): Illuminate\Validation\Validator->validate()
#13 D:\wamp\www\ektimo\vendor\laravel\framework\src\Illuminate\Validation\Validator.php(347): Illuminate\Validation\Validator->passes()
#14 D:\wamp\www\ektimo\app\Http\Controllers\admin\UsersController.php(53): Illuminate\Validation\Validator->fails()
#15 D:\wamp\www\ektimo\vendor\compiled.php(8287): App\Http\Controllers\Admin\UsersController->store()
#16 D:\wamp\www\ektimo\vendor\compiled.php(8287): call_user_func_array:{D:\wamp\www\ektimo\vendor\compiled.php:8287}()
#17 D:\wamp\www\ektimo\vendor\compiled.php(8354): Illuminate\Routing\Controller->callAction()
#18 D:\wamp\www\ektimo\vendor\compiled.php(8333): Illuminate\Routing\ControllerDispatcher->call()
#19 D:\wamp\www\ektimo\vendor\compiled.php(8952): Illuminate\Routing\ControllerDispatcher->Illuminate\Routing\{closure}()
#20 D:\wamp\www\ektimo\vendor\compiled.php(8952): call_user_func:{D:\wamp\www\ektimo\vendor\compiled.php:8952}()
#21 D:\wamp\www\ektimo\app\Http\Middleware\Authenticate.php(47): Illuminate\Pipeline\Pipeline->Illuminate\Pipeline\{closure}()
#22 D:\wamp\www\ektimo\vendor\compiled.php(8944): App\Http\Middleware\Authenticate->handle()
#23 D:\wamp\www\ektimo\vendor\compiled.php(8935): Illuminate\Pipeline\Pipeline->Illuminate\Pipeline\{closure}()
#24 D:\wamp\www\ektimo\vendor\compiled.php(8935): call_user_func:{D:\wamp\www\ektimo\vendor\compiled.php:8935}()
#25 D:\wamp\www\ektimo\vendor\compiled.php(8334): Illuminate\Pipeline\Pipeline->then()
#26 D:\wamp\www\ektimo\vendor\compiled.php(8320): Illuminate\Routing\ControllerDispatcher->callWithinStack()
#27 D:\wamp\www\ektimo\vendor\compiled.php(7317): Illuminate\Routing\ControllerDispatcher->dispatch()
#28 D:\wamp\www\ektimo\vendor\compiled.php(7288): Illuminate\Routing\Route->runWithCustomDispatcher()
#29 D:\wamp\www\ektimo\vendor\compiled.php(6954): Illuminate\Routing\Route->run()
#30 D:\wamp\www\ektimo\vendor\compiled.php(8952): Illuminate\Routing\Router->Illuminate\Routing\{closure}()
#31 D:\wamp\www\ektimo\vendor\compiled.php(8952): call_user_func:{D:\wamp\www\ektimo\vendor\compiled.php:8952}()
#32 D:\wamp\www\ektimo\app\Http\Middleware\AdminMiddleware.php(22): Illuminate\Pipeline\Pipeline->Illuminate\Pipeline\{closure}()
#33 D:\wamp\www\ektimo\vendor\compiled.php(8944): App\Http\Middleware\AdminMiddleware->handle()
#34 D:\wamp\www\ektimo\vendor\compiled.php(8935): Illuminate\Pipeline\Pipeline->Illuminate\Pipeline\{closure}()
#35 D:\wamp\www\ektimo\vendor\compiled.php(8935): call_user_func:{D:\wamp\www\ektimo\vendor\compiled.php:8935}()
#36 D:\wamp\www\ektimo\vendor\compiled.php(6955): Illuminate\Pipeline\Pipeline->then()
#37 D:\wamp\www\ektimo\vendor\compiled.php(6944): Illuminate\Routing\Router->runRouteWithinStack()
#38 D:\wamp\www\ektimo\vendor\compiled.php(6929): Illuminate\Routing\Router->dispatchToRoute()
#39 D:\wamp\www\ektimo\vendor\compiled.php(1935): Illuminate\Routing\Router->dispatch()
#40 D:\wamp\www\ektimo\vendor\compiled.php(8952): Illuminate\Foundation\Http\Kernel->Illuminate\Foundation\Http\{closure}()
#41 D:\wamp\www\ektimo\vendor\compiled.php(8952): call_user_func:{D:\wamp\www\ektimo\vendor\compiled.php:8952}()
#42 D:\wamp\www\ektimo\vendor\compiled.php(2438): Illuminate\Pipeline\Pipeline->Illuminate\Pipeline\{closure}()
#43 D:\wamp\www\ektimo\app\Http\Middleware\VerifyCsrfToken.php(17): Illuminate\Foundation\Http\Middleware\VerifyCsrfToken->handle()
#44 D:\wamp\www\ektimo\vendor\compiled.php(8944): App\Http\Middleware\VerifyCsrfToken->handle()
#45 D:\wamp\www\ektimo\vendor\compiled.php(12083): Illuminate\Pipeline\Pipeline->Illuminate\Pipeline\{closure}()
#46 D:\wamp\www\ektimo\vendor\compiled.php(8944): Illuminate\View\Middleware\ShareErrorsFromSession->handle()
#47 D:\wamp\www\ektimo\vendor\compiled.php(10785): Illuminate\Pipeline\Pipeline->Illuminate\Pipeline\{closure}()
#48 D:\wamp\www\ektimo\vendor\compiled.php(8944): Illuminate\Session\Middleware\StartSession->handle()
#49 D:\wamp\www\ektimo\vendor\compiled.php(11789): Illuminate\Pipeline\Pipeline->Illuminate\Pipeline\{closure}()
#50 D:\wamp\www\ektimo\vendor\compiled.php(8944): Illuminate\Cookie\Middleware\AddQueuedCookiesToResponse->handle()
#51 D:\wamp\www\ektimo\vendor\compiled.php(11738): Illuminate\Pipeline\Pipeline->Illuminate\Pipeline\{closure}()
#52 D:\wamp\www\ektimo\vendor\compiled.php(8944): Illuminate\Cookie\Middleware\EncryptCookies->handle()
#53 D:\wamp\www\ektimo\vendor\compiled.php(2478): Illuminate\Pipeline\Pipeline->Illuminate\Pipeline\{closure}()
#54 D:\wamp\www\ektimo\vendor\compiled.php(8944): Illuminate\Foundation\Http\Middleware\CheckForMaintenanceMode->handle()
#55 D:\wamp\www\ektimo\vendor\compiled.php(8935): Illuminate\Pipeline\Pipeline->Illuminate\Pipeline\{closure}()
#56 D:\wamp\www\ektimo\vendor\compiled.php(8935): call_user_func:{D:\wamp\www\ektimo\vendor\compiled.php:8935}()
#57 D:\wamp\www\ektimo\vendor\compiled.php(1891): Illuminate\Pipeline\Pipeline->then()
#58 D:\wamp\www\ektimo\vendor\compiled.php(1880): Illuminate\Foundation\Http\Kernel->sendRequestThroughRouter()
#59 D:\wamp\www\ektimo\public\index.php(54): Illuminate\Foundation\Http\Kernel->handle()
#60 D:\wamp\www\ektimo\server.php(21): ()
#61 D:\wamp\www\ektimo\server.php(0): {main}()
#62 {main}  
[2015-12-18 11:04:24] local.ERROR: exception 'ReflectionException' with message 'Class SammyK\LaravelFacebookSdk\LaravelFacebookSdk does not exist' in D:\wamp\www\ektimo\vendor\compiled.php:6694
Stack trace:
#0 D:\wamp\www\ektimo\vendor\compiled.php(6694): ReflectionParameter->getClass()
#1 D:\wamp\www\ektimo\vendor\compiled.php(7297): Illuminate\Routing\Route->resolveMethodDependencies(Array, Object(ReflectionFunction))
#2 D:\wamp\www\ektimo\vendor\compiled.php(7285): Illuminate\Routing\Route->runCallable(Object(Illuminate\Http\Request))
#3 D:\wamp\www\ektimo\vendor\compiled.php(6954): Illuminate\Routing\Route->run(Object(Illuminate\Http\Request))
#4 [internal function]: Illuminate\Routing\Router->Illuminate\Routing\{closure}(Object(Illuminate\Http\Request))
#5 D:\wamp\www\ektimo\vendor\compiled.php(8952): call_user_func(Object(Closure), Object(Illuminate\Http\Request))
#6 [internal function]: Illuminate\Pipeline\Pipeline->Illuminate\Pipeline\{closure}(Object(Illuminate\Http\Request))
#7 D:\wamp\www\ektimo\vendor\compiled.php(8935): call_user_func(Object(Closure), Object(Illuminate\Http\Request))
#8 D:\wamp\www\ektimo\vendor\compiled.php(6955): Illuminate\Pipeline\Pipeline->then(Object(Closure))
#9 D:\wamp\www\ektimo\vendor\compiled.php(6944): Illuminate\Routing\Router->runRouteWithinStack(Object(Illuminate\Routing\Route), Object(Illuminate\Http\Request))
#10 D:\wamp\www\ektimo\vendor\compiled.php(6929): Illuminate\Routing\Router->dispatchToRoute(Object(Illuminate\Http\Request))
#11 D:\wamp\www\ektimo\vendor\compiled.php(1935): Illuminate\Routing\Router->dispatch(Object(Illuminate\Http\Request))
#12 [internal function]: Illuminate\Foundation\Http\Kernel->Illuminate\Foundation\Http\{closure}(Object(Illuminate\Http\Request))
#13 D:\wamp\www\ektimo\vendor\compiled.php(8952): call_user_func(Object(Closure), Object(Illuminate\Http\Request))
#14 D:\wamp\www\ektimo\vendor\compiled.php(2438): Illuminate\Pipeline\Pipeline->Illuminate\Pipeline\{closure}(Object(Illuminate\Http\Request))
#15 D:\wamp\www\ektimo\app\Http\Middleware\VerifyCsrfToken.php(17): Illuminate\Foundation\Http\Middleware\VerifyCsrfToken->handle(Object(Illuminate\Http\Request), Object(Closure))
#16 D:\wamp\www\ektimo\vendor\compiled.php(8944): App\Http\Middleware\VerifyCsrfToken->handle(Object(Illuminate\Http\Request), Object(Closure))
#17 D:\wamp\www\ektimo\vendor\compiled.php(12083): Illuminate\Pipeline\Pipeline->Illuminate\Pipeline\{closure}(Object(Illuminate\Http\Request))
#18 D:\wamp\www\ektimo\vendor\compiled.php(8944): Illuminate\View\Middleware\ShareErrorsFromSession->handle(Object(Illuminate\Http\Request), Object(Closure))
#19 D:\wamp\www\ektimo\vendor\compiled.php(10785): Illuminate\Pipeline\Pipeline->Illuminate\Pipeline\{closure}(Object(Illuminate\Http\Request))
#20 D:\wamp\www\ektimo\vendor\compiled.php(8944): Illuminate\Session\Middleware\StartSession->handle(Object(Illuminate\Http\Request), Object(Closure))
#21 D:\wamp\www\ektimo\vendor\compiled.php(11789): Illuminate\Pipeline\Pipeline->Illuminate\Pipeline\{closure}(Object(Illuminate\Http\Request))
#22 D:\wamp\www\ektimo\vendor\compiled.php(8944): Illuminate\Cookie\Middleware\AddQueuedCookiesToResponse->handle(Object(Illuminate\Http\Request), Object(Closure))
#23 D:\wamp\www\ektimo\vendor\compiled.php(11738): Illuminate\Pipeline\Pipeline->Illuminate\Pipeline\{closure}(Object(Illuminate\Http\Request))
#24 D:\wamp\www\ektimo\vendor\compiled.php(8944): Illuminate\Cookie\Middleware\EncryptCookies->handle(Object(Illuminate\Http\Request), Object(Closure))
#25 D:\wamp\www\ektimo\vendor\compiled.php(2478): Illuminate\Pipeline\Pipeline->Illuminate\Pipeline\{closure}(Object(Illuminate\Http\Request))
#26 D:\wamp\www\ektimo\vendor\compiled.php(8944): Illuminate\Foundation\Http\Middleware\CheckForMaintenanceMode->handle(Object(Illuminate\Http\Request), Object(Closure))
#27 [internal function]: Illuminate\Pipeline\Pipeline->Illuminate\Pipeline\{closure}(Object(Illuminate\Http\Request))
#28 D:\wamp\www\ektimo\vendor\compiled.php(8935): call_user_func(Object(Closure), Object(Illuminate\Http\Request))
#29 D:\wamp\www\ektimo\vendor\compiled.php(1891): Illuminate\Pipeline\Pipeline->then(Object(Closure))
#30 D:\wamp\www\ektimo\vendor\compiled.php(1880): Illuminate\Foundation\Http\Kernel->sendRequestThroughRouter(Object(Illuminate\Http\Request))
#31 D:\wamp\www\ektimo\public\index.php(54): Illuminate\Foundation\Http\Kernel->handle(Object(Illuminate\Http\Request))
#32 D:\wamp\www\ektimo\server.php(21): require_once('D:\\wamp\\www\\ekt...')
#33 {main}  
[2015-12-18 11:08:18] local.ERROR: exception 'InvalidArgumentException' with message 'View [social] not found.' in D:\wamp\www\ektimo\vendor\compiled.php:12897
Stack trace:
#0 D:\wamp\www\ektimo\vendor\compiled.php(12870): Illuminate\View\FileViewFinder->findInPaths('social', Array)
#1 D:\wamp\www\ektimo\vendor\compiled.php(12995): Illuminate\View\FileViewFinder->find('social')
#2 D:\wamp\www\ektimo\vendor\compiled.php(5301): Illuminate\View\Factory->make('social')
#3 D:\wamp\www\ektimo\app\Http\routes.php(99): Illuminate\Support\Facades\Facade::__callStatic('make', Array)
#4 D:\wamp\www\ektimo\app\Http\routes.php(99): Illuminate\Support\Facades\View::make('social')
#5 [internal function]: App\Providers\RouteServiceProvider->{closure}()
#6 D:\wamp\www\ektimo\vendor\compiled.php(7298): call_user_func_array(Object(Closure), Array)
#7 D:\wamp\www\ektimo\vendor\compiled.php(7285): Illuminate\Routing\Route->runCallable(Object(Illuminate\Http\Request))
#8 D:\wamp\www\ektimo\vendor\compiled.php(6954): Illuminate\Routing\Route->run(Object(Illuminate\Http\Request))
#9 [internal function]: Illuminate\Routing\Router->Illuminate\Routing\{closure}(Object(Illuminate\Http\Request))
#10 D:\wamp\www\ektimo\vendor\compiled.php(8952): call_user_func(Object(Closure), Object(Illuminate\Http\Request))
#11 [internal function]: Illuminate\Pipeline\Pipeline->Illuminate\Pipeline\{closure}(Object(Illuminate\Http\Request))
#12 D:\wamp\www\ektimo\vendor\compiled.php(8935): call_user_func(Object(Closure), Object(Illuminate\Http\Request))
#13 D:\wamp\www\ektimo\vendor\compiled.php(6955): Illuminate\Pipeline\Pipeline->then(Object(Closure))
#14 D:\wamp\www\ektimo\vendor\compiled.php(6944): Illuminate\Routing\Router->runRouteWithinStack(Object(Illuminate\Routing\Route), Object(Illuminate\Http\Request))
#15 D:\wamp\www\ektimo\vendor\compiled.php(6929): Illuminate\Routing\Router->dispatchToRoute(Object(Illuminate\Http\Request))
#16 D:\wamp\www\ektimo\vendor\compiled.php(1935): Illuminate\Routing\Router->dispatch(Object(Illuminate\Http\Request))
#17 [internal function]: Illuminate\Foundation\Http\Kernel->Illuminate\Foundation\Http\{closure}(Object(Illuminate\Http\Request))
#18 D:\wamp\www\ektimo\vendor\compiled.php(8952): call_user_func(Object(Closure), Object(Illuminate\Http\Request))
#19 D:\wamp\www\ektimo\vendor\compiled.php(2438): Illuminate\Pipeline\Pipeline->Illuminate\Pipeline\{closure}(Object(Illuminate\Http\Request))
#20 D:\wamp\www\ektimo\app\Http\Middleware\VerifyCsrfToken.php(17): Illuminate\Foundation\Http\Middleware\VerifyCsrfToken->handle(Object(Illuminate\Http\Request), Object(Closure))
#21 D:\wamp\www\ektimo\vendor\compiled.php(8944): App\Http\Middleware\VerifyCsrfToken->handle(Object(Illuminate\Http\Request), Object(Closure))
#22 D:\wamp\www\ektimo\vendor\compiled.php(12083): Illuminate\Pipeline\Pipeline->Illuminate\Pipeline\{closure}(Object(Illuminate\Http\Request))
#23 D:\wamp\www\ektimo\vendor\compiled.php(8944): Illuminate\View\Middleware\ShareErrorsFromSession->handle(Object(Illuminate\Http\Request), Object(Closure))
#24 D:\wamp\www\ektimo\vendor\compiled.php(10785): Illuminate\Pipeline\Pipeline->Illuminate\Pipeline\{closure}(Object(Illuminate\Http\Request))
#25 D:\wamp\www\ektimo\vendor\compiled.php(8944): Illuminate\Session\Middleware\StartSession->handle(Object(Illuminate\Http\Request), Object(Closure))
#26 D:\wamp\www\ektimo\vendor\compiled.php(11789): Illuminate\Pipeline\Pipeline->Illuminate\Pipeline\{closure}(Object(Illuminate\Http\Request))
#27 D:\wamp\www\ektimo\vendor\compiled.php(8944): Illuminate\Cookie\Middleware\AddQueuedCookiesToResponse->handle(Object(Illuminate\Http\Request), Object(Closure))
#28 D:\wamp\www\ektimo\vendor\compiled.php(11738): Illuminate\Pipeline\Pipeline->Illuminate\Pipeline\{closure}(Object(Illuminate\Http\Request))
#29 D:\wamp\www\ektimo\vendor\compiled.php(8944): Illuminate\Cookie\Middleware\EncryptCookies->handle(Object(Illuminate\Http\Request), Object(Closure))
#30 D:\wamp\www\ektimo\vendor\compiled.php(2478): Illuminate\Pipeline\Pipeline->Illuminate\Pipeline\{closure}(Object(Illuminate\Http\Request))
#31 D:\wamp\www\ektimo\vendor\compiled.php(8944): Illuminate\Foundation\Http\Middleware\CheckForMaintenanceMode->handle(Object(Illuminate\Http\Request), Object(Closure))
#32 [internal function]: Illuminate\Pipeline\Pipeline->Illuminate\Pipeline\{closure}(Object(Illuminate\Http\Request))
#33 D:\wamp\www\ektimo\vendor\compiled.php(8935): call_user_func(Object(Closure), Object(Illuminate\Http\Request))
#34 D:\wamp\www\ektimo\vendor\compiled.php(1891): Illuminate\Pipeline\Pipeline->then(Object(Closure))
#35 D:\wamp\www\ektimo\vendor\compiled.php(1880): Illuminate\Foundation\Http\Kernel->sendRequestThroughRouter(Object(Illuminate\Http\Request))
#36 D:\wamp\www\ektimo\public\index.php(54): Illuminate\Foundation\Http\Kernel->handle(Object(Illuminate\Http\Request))
#37 D:\wamp\www\ektimo\server.php(21): require_once('D:\\wamp\\www\\ekt...')
#38 {main}  
